<?xml version="1.0" encoding="UTF-8"?>
<!-- Generated by org.testng.reporters.JUnitXMLReporter -->
<testsuite hostname="FOCUS-QA-118" name="Test" tests="76" failures="7" timestamp="4 Jan 2023 05:32:55 GMT" time="3326.819" errors="0">
  <testcase name="verifyBrowserOpen" time="9.315" classname="com.focus.testcases.URLBrowserTest"/>
  <testcase name="checkLoginPageTitleByURLInputInBrowser" time="7.324" classname="com.focus.testcases.URLBrowserTest"/>
  <testcase name="checkLogin" time="13.833" classname="com.focus.testcases.FooterValuesAndBarcodeValidationTest"/>
  <testcase name="checkSavingSalesInvoiceNewVoucherWithRow1InBodyGrid" time="152.095" classname="com.focus.testcases.FooterValuesAndBarcodeValidationTest"/>
  <testcase name="checkEditingSavedSalesNewVoucherByAddingRow2" time="129.039" classname="com.focus.testcases.FooterValuesAndBarcodeValidationTest"/>
  <testcase name="checkEditingSavedSalesNewVoucherWithIgstValueDeduction" time="206.04" classname="com.focus.testcases.FooterValuesAndBarcodeValidationTest"/>
  <testcase name="checkSaveSalesInvoiceNewVoucherWithDecimalValueRates" time="202.601" classname="com.focus.testcases.FooterValuesAndBarcodeValidationTest"/>
  <testcase name="checkFieldPostToAccountInPurchaseVouchers" time="43.792" classname="com.focus.testcases.FooterValuesAndBarcodeValidationTest"/>
  <testcase name="checksavePurchaseVouchers" time="92.871" classname="com.focus.testcases.FooterValuesAndBarcodeValidationTest">
    <failure type="java.lang.AssertionError" message="expected [true] but found [false]">
      <![CDATA[java.lang.AssertionError: expected [true] but found [false]
	at com.focus.testcases.FooterValuesAndBarcodeValidationTest.checksavePurchaseVouchers(FooterValuesAndBarcodeValidationTest.java:75)
... Removed 30 stack frames]]>
    </failure>
  </testcase> <!-- checksavePurchaseVouchers -->
  <testcase name="checkDefinedStandardRateForSTDItem" time="22.561" classname="com.focus.testcases.FooterValuesAndBarcodeValidationTest"/>
  <testcase name="checkPurchaseVarianceInPostingDetailsForSTDItem" time="71.431" classname="com.focus.testcases.FooterValuesAndBarcodeValidationTest"/>
  <testcase name="checkPurchaseVarianceInPostingDeatilsByGivingExactStandardRate" time="68.597" classname="com.focus.testcases.FooterValuesAndBarcodeValidationTest"/>
  <testcase name="checkAvailableOptionsBarCodeDefinition" time="19.925" classname="com.focus.testcases.FooterValuesAndBarcodeValidationTest"/>
  <testcase name="checkSaveBarcodeDefinitionWithoutTemplateName" time="2.725" classname="com.focus.testcases.FooterValuesAndBarcodeValidationTest"/>
  <testcase name="checksaveDefinitionWithoutSelectingFields" time="3.046" classname="com.focus.testcases.FooterValuesAndBarcodeValidationTest"/>
  <testcase name="checkSaveBarcodeDefinitionWithAllInputs" time="83.718" classname="com.focus.testcases.FooterValuesAndBarcodeValidationTest"/>
  <testcase name="checkCreateNewMRNVoucher" time="39.77" classname="com.focus.testcases.FooterValuesAndBarcodeValidationTest"/>
  <testcase name="checkSaveBarcodeVoucherWithBatchItem" time="114.477" classname="com.focus.testcases.FooterValuesAndBarcodeValidationTest"/>
  <testcase name="checkCreateLayoutForBarCode" time="197.037" classname="com.focus.testcases.FooterValuesAndBarcodeValidationTest"/>
  <testcase name="checkChangeFieldPropertiesInBarcodeLayout" time="82.768" classname="com.focus.testcases.FooterValuesAndBarcodeValidationTest"/>
  <testcase name="checkPrintBarcodePopupFields" time="5.706" classname="com.focus.testcases.FooterValuesAndBarcodeValidationTest"/>
  <testcase name="checkPrintBarcodeIntoPDFandValidatePDF" time="13.618" classname="com.focus.testcases.FooterValuesAndBarcodeValidationTest">
    <failure type="java.lang.IndexOutOfBoundsException" message="Index: 1, Size: 1">
      <![CDATA[java.lang.IndexOutOfBoundsException: Index: 1, Size: 1
	at java.util.ArrayList.rangeCheck(Unknown Source)
	at java.util.ArrayList.get(Unknown Source)
	at com.focus.Pages.VoucherPrintOptionsPage.checkPrintBarcodeIntoPDFandValidatePDF(VoucherPrintOptionsPage.java:36300)
	at com.focus.testcases.FooterValuesAndBarcodeValidationTest.checkPrintBarcodeIntoPDFandValidatePDF(FooterValuesAndBarcodeValidationTest.java:173)
... Removed 24 stack frames]]>
    </failure>
  </testcase> <!-- checkPrintBarcodeIntoPDFandValidatePDF -->
  <testcase name="checkPrintBarcodePrintingWithManualQuantityPick" time="27.838" classname="com.focus.testcases.FooterValuesAndBarcodeValidationTest"/>
  <testcase name="checkPrintBarcodePrintingWithItemSelection" time="29.227" classname="com.focus.testcases.FooterValuesAndBarcodeValidationTest">
    <failure type="java.lang.AssertionError" message="expected [true] but found [false]">
      <![CDATA[java.lang.AssertionError: expected [true] but found [false]
	at com.focus.testcases.FooterValuesAndBarcodeValidationTest.checkPrintBarcodePrintingWithItemSelection(FooterValuesAndBarcodeValidationTest.java:187)
... Removed 30 stack frames]]>
    </failure>
  </testcase> <!-- checkPrintBarcodePrintingWithItemSelection -->
  <testcase name="checkBarcodeIsbeenScannedInDeliveryNotesVoucher" time="130.784" classname="com.focus.testcases.FooterValuesAndBarcodeValidationTest"/>
  <testcase name="checkCreateProfileWithHomeFinancialsReportRestrictions" time="48.788" classname="com.focus.testcases.FooterValuesAndBarcodeValidationTest"/>
  <testcase name="checkSavedProfileWithUnselectedRestrictions" time="51.161" classname="com.focus.testcases.FooterValuesAndBarcodeValidationTest"/>
  <testcase name="checkSaveRoleWithCreatedProfileForRestrictions" time="14.646" classname="com.focus.testcases.FooterValuesAndBarcodeValidationTest"/>
  <testcase name="checkUserCreationForCreatedRoleForRestrictions" time="12.937" classname="com.focus.testcases.FooterValuesAndBarcodeValidationTest"/>
  <testcase name="checkLogoutAndLogoutWithCrestedUser" time="21.89" classname="com.focus.testcases.FooterValuesAndBarcodeValidationTest"/>
  <testcase name="checkMenuSelectedInProfileAreReflectingInUserLevel" time="2.3" classname="com.focus.testcases.FooterValuesAndBarcodeValidationTest"/>
  <testcase name="checkValidateAccountVisibilityInUserLevel" time="2.678" classname="com.focus.testcases.FooterValuesAndBarcodeValidationTest"/>
  <testcase name="checkPurchaseVoucherVATVisibilityInPurchasesMenuInUserLevel" time="3.589" classname="com.focus.testcases.FooterValuesAndBarcodeValidationTest"/>
  <testcase name="checkStockLedgerVisibilityInReports" time="1.271" classname="com.focus.testcases.FooterValuesAndBarcodeValidationTest"/>
  <testcase name="checkLogoutAndLoginWithSU" time="23.161" classname="com.focus.testcases.FooterValuesAndBarcodeValidationTest"/>
  <testcase name="checkGiveAccessandShowHomePageAccessToAccountInTestRestrictionProfile" time="52.424" classname="com.focus.testcases.FooterValuesAndBarcodeValidationTest"/>
  <testcase name="checkGiveAccessandShowHomePageAccessToPVVATInTestRestrictionProfile" time="67.833" classname="com.focus.testcases.FooterValuesAndBarcodeValidationTest"/>
  <testcase name="checkGiveAccessandShowHomePageAccessToStockLedgerInUserLevel" time="55.652" classname="com.focus.testcases.FooterValuesAndBarcodeValidationTest"/>
  <testcase name="checkLogoutAndLogoutWithCrestedUserAfterGivingPermissionsForProfile" time="20.639" classname="com.focus.testcases.FooterValuesAndBarcodeValidationTest"/>
  <testcase name="checkValidateAccountAccessInUserLevel" time="82.19" classname="com.focus.testcases.FooterValuesAndBarcodeValidationTest"/>
  <testcase name="checKValidatePurchaseVoucherVATRestrictionInUserLevel" time="10.656" classname="com.focus.testcases.FooterValuesAndBarcodeValidationTest"/>
  <testcase name="checkValidateStockLedgerReportRestrictionInUserLevel" time="6.497" classname="com.focus.testcases.FooterValuesAndBarcodeValidationTest"/>
  <testcase name="checkLogoutAndLoginWithSUForAccessRights" time="24.257" classname="com.focus.testcases.FooterValuesAndBarcodeValidationTest"/>
  <testcase name="checkEnableAllAccessightsInAccountForTestRestrictionProfile" time="33.138" classname="com.focus.testcases.FooterValuesAndBarcodeValidationTest"/>
  <testcase name="checkEnablePurchaseVoucherVatAccessRightsForSavingVoucher" time="47.902" classname="com.focus.testcases.FooterValuesAndBarcodeValidationTest"/>
  <testcase name="checkEnableStockLedgerAccessRightsForAccessingReports" time="38.586" classname="com.focus.testcases.FooterValuesAndBarcodeValidationTest"/>
  <testcase name="checkLogoutAndLogoutWithCrestedUserAfterGivingPermissionsForAccount" time="22.411" classname="com.focus.testcases.FooterValuesAndBarcodeValidationTest"/>
  <testcase name="checkToolsOptionsAccountsMenu" time="4.643" classname="com.focus.testcases.FooterValuesAndBarcodeValidationTest"/>
  <testcase name="checkOtherToolsOptionsAccountsMenu" time="1.953" classname="com.focus.testcases.FooterValuesAndBarcodeValidationTest"/>
  <testcase name="checkSaveAccountAfterAccessingRights" time="10.318" classname="com.focus.testcases.FooterValuesAndBarcodeValidationTest"/>
  <testcase name="checkSavePurchaseVoucherVAT" time="61.819" classname="com.focus.testcases.FooterValuesAndBarcodeValidationTest"/>
  <testcase name="checkSavedPurchaseVoucherVATForCopyPastePostingDetailsSettingsDeleteDoc" time="13.626" classname="com.focus.testcases.FooterValuesAndBarcodeValidationTest"/>
  <testcase name="checkSettingsBtnDeleteBtnnUserLevel" time="17.142" classname="com.focus.testcases.FooterValuesAndBarcodeValidationTest"/>
  <testcase name="checkStockLedgerAfterAccessingRights" time="13.362" classname="com.focus.testcases.FooterValuesAndBarcodeValidationTest"/>
  <testcase name="checkPrintOptionInUserLevel" time="19.764" classname="com.focus.testcases.FooterValuesAndBarcodeValidationTest"/>
  <testcase name="checkLogoutAndLoginWithSUForAccessRightsInPVVAT" time="26.094" classname="com.focus.testcases.FooterValuesAndBarcodeValidationTest"/>
  <testcase name="checkEnableRestOfTheAccessRightInPvVAT" time="55.279" classname="com.focus.testcases.FooterValuesAndBarcodeValidationTest"/>
  <testcase name="checkEnableRestOfTheRightsInStockLedger" time="43.281" classname="com.focus.testcases.FooterValuesAndBarcodeValidationTest"/>
  <testcase name="checkLogoutAndLogoutWithCreatedUserForValidations" time="22.813" classname="com.focus.testcases.FooterValuesAndBarcodeValidationTest"/>
  <testcase name="checkValidateEnabledRightsInProfileInUserLevel" time="34.885" classname="com.focus.testcases.FooterValuesAndBarcodeValidationTest"/>
  <testcase name="checkSuspendVoucherandEditSuspendedVoucher" time="23.202" classname="com.focus.testcases.FooterValuesAndBarcodeValidationTest">
    <failure type="java.lang.AssertionError" message="expected [true] but found [false]">
      <![CDATA[java.lang.AssertionError: expected [true] but found [false]
	at com.focus.testcases.FooterValuesAndBarcodeValidationTest.checkSuspendVoucherandEditSuspendedVoucher(FooterValuesAndBarcodeValidationTest.java:458)
... Removed 30 stack frames]]>
    </failure>
  </testcase> <!-- checkSuspendVoucherandEditSuspendedVoucher -->
  <testcase name="checkPostingDetailsAndCopyToClipBoardOptionsInPVVAT" time="28.089" classname="com.focus.testcases.FooterValuesAndBarcodeValidationTest"/>
  <testcase name="checkSavePrintLayoutAndPrintOptionInOutputOptions" time="150.284" classname="com.focus.testcases.FooterValuesAndBarcodeValidationTest"/>
  <testcase name="checkStockLedgerIconsInUserLevelandValidateAnalyzeReport" time="6.451" classname="com.focus.testcases.FooterValuesAndBarcodeValidationTest">
    <failure type="java.lang.AssertionError" message="expected [true] but found [false]">
      <![CDATA[java.lang.AssertionError: expected [true] but found [false]
	at com.focus.testcases.FooterValuesAndBarcodeValidationTest.checkStockLedgerIconsInUserLevelandValidateAnalyzeReport(FooterValuesAndBarcodeValidationTest.java:480)
... Removed 30 stack frames]]>
    </failure>
  </testcase> <!-- checkStockLedgerIconsInUserLevelandValidateAnalyzeReport -->
  <testcase name="checkAnalyzeStockLedgerInUserLevel" time="64.94" classname="com.focus.testcases.FooterValuesAndBarcodeValidationTest"/>
  <testcase name="checkLoadAnalysisReport" time="11.732" classname="com.focus.testcases.FooterValuesAndBarcodeValidationTest"/>
  <testcase name="checkFilterOptionInStockLedger" time="21.992" classname="com.focus.testcases.FooterValuesAndBarcodeValidationTest"/>
  <testcase name="checkLogoutAndLoginWithSUForUserCreation" time="24.716" classname="com.focus.testcases.FooterValuesAndBarcodeValidationTest"/>
  <testcase name="CheckCreateUserInSU" time="16.649" classname="com.focus.testcases.FooterValuesAndBarcodeValidationTest"/>
  <testcase name="checkSaveExcessInStocksVoucher" time="51.405" classname="com.focus.testcases.FooterValuesAndBarcodeValidationTest"/>
  <testcase name="checkPrintFromExcessInStockVoucherTransaction" time="64.79" classname="com.focus.testcases.FooterValuesAndBarcodeValidationTest">
    <failure type="java.io.FileNotFoundException" message="D:\Focus9AllProjectSuite\FocusAI\autoIt\ExportFiles\savingExcessInStocksPrint.pdf (The system cannot find the file specified)">
      <![CDATA[java.io.FileNotFoundException: D:\Focus9AllProjectSuite\FocusAI\autoIt\ExportFiles\savingExcessInStocksPrint.pdf (The system cannot find the file specified)
	at java.io.RandomAccessFile.open0(Native Method)
	at java.io.RandomAccessFile.open(Unknown Source)
	at java.io.RandomAccessFile.<init>(Unknown Source)
	at org.apache.pdfbox.io.RandomAccessBufferedFileInputStream.<init>(RandomAccessBufferedFileInputStream.java:99)
	at org.apache.pdfbox.pdmodel.PDDocument.load(PDDocument.java:1006)
	at org.apache.pdfbox.pdmodel.PDDocument.load(PDDocument.java:969)
	at org.apache.pdfbox.pdmodel.PDDocument.load(PDDocument.java:917)
	at com.testautomationguru.utility.PDFUtil.getPDFText(PDFUtil.java:239)
	at com.testautomationguru.utility.PDFUtil.comparepdfFilesWithTextMode(PDFUtil.java:323)
	at com.testautomationguru.utility.PDFUtil.comparePdfFiles(PDFUtil.java:316)
	at com.testautomationguru.utility.PDFUtil.compare(PDFUtil.java:278)
	at com.focus.Pages.VoucherPrintOptionsPage.checkPrintFromExcessInStockVoucherTransaction(VoucherPrintOptionsPage.java:41503)
	at com.focus.testcases.FooterValuesAndBarcodeValidationTest.checkPrintFromExcessInStockVoucherTransaction(FooterValuesAndBarcodeValidationTest.java:534)
... Removed 24 stack frames]]>
    </failure>
  </testcase> <!-- checkPrintFromExcessInStockVoucherTransaction -->
  <testcase name="checkLogoutAndLoginWithTestUser" time="21.929" classname="com.focus.testcases.FooterValuesAndBarcodeValidationTest"/>
  <testcase name="checkVoucherSavedBySUIsVisibleInTestUser" time="9.674" classname="com.focus.testcases.FooterValuesAndBarcodeValidationTest"/>
  <testcase name="checkSaveExcessInStocksInUserLevel" time="46.327" classname="com.focus.testcases.FooterValuesAndBarcodeValidationTest"/>
  <testcase name="checkPrintInExcessStocksInUserLevel" time="34.651" classname="com.focus.testcases.FooterValuesAndBarcodeValidationTest">
    <failure type="java.lang.IndexOutOfBoundsException" message="Index: 2, Size: 2">
      <![CDATA[java.lang.IndexOutOfBoundsException: Index: 2, Size: 2
	at java.util.ArrayList.rangeCheck(Unknown Source)
	at java.util.ArrayList.get(Unknown Source)
	at com.focus.Pages.VoucherPrintOptionsPage.checkPrintInExcessStocksInUserLevel(VoucherPrintOptionsPage.java:41855)
	at com.focus.testcases.FooterValuesAndBarcodeValidationTest.checkPrintInExcessStocksInUserLevel(FooterValuesAndBarcodeValidationTest.java:562)
... Removed 24 stack frames]]>
    </failure>
  </testcase> <!-- checkPrintInExcessStocksInUserLevel -->
  <testcase name="checklogout" time="8.561" classname="com.focus.testcases.FooterValuesAndBarcodeValidationTest"/>
</testsuite> <!-- Test -->
