<!DOCTYPE html PUBLIC "-//W3C//DTD XHTML 1.1//EN" "http://www.w3.org/TR/xhtml11/DTD/xhtml11.dtd">
<html xmlns="http://www.w3.org/1999/xhtml"><head><title>TestNG Report</title><style type="text/css">table {margin-bottom:10px;border-collapse:collapse;empty-cells:show}th,td {border:1px solid #009;padding:.25em .5em}th {vertical-align:bottom}td {vertical-align:top}table a {font-weight:bold}.stripe td {background-color: #E6EBF9}.num {text-align:right}.passedodd td {background-color: #3F3}.passedeven td {background-color: #0A0}.skippedodd td {background-color: #DDD}.skippedeven td {background-color: #CCC}.failedodd td,.attn {background-color: #F33}.failedeven td,.stripe .attn {background-color: #D00}.stacktrace {white-space:pre;font-family:monospace}.totop {font-size:85%;text-align:center;border-bottom:2px solid #000}</style></head><body><table><tr><th>Test</th><th># Passed</th><th># Skipped</th><th># Failed</th><th>Time (ms)</th><th>Included Groups</th><th>Excluded Groups</th></tr><tr><th colspan="7">Suite</th></tr><tr><td><a href="#t0">Test</a></td><td class="num">69</td><td class="num">0</td><td class="num attn">7</td><td class="num">3,326,819</td><td></td><td></td></tr></table><table><thead><tr><th>Class</th><th>Method</th><th>Start</th><th>Time (ms)</th></tr></thead><tbody><tr><th colspan="4">Suite</th></tr></tbody><tbody id="t0"><tr><th colspan="4">Test &#8212; failed</th></tr><tr class="failedeven"><td rowspan="7">com.focus.testcases.FooterValuesAndBarcodeValidationTest</td><td><a href="#m0">checkPrintBarcodeIntoPDFandValidatePDF</a></td><td rowspan="1">1672808617696</td><td rowspan="1">13618</td></tr><tr class="failedeven"><td><a href="#m1">checkPrintBarcodePrintingWithItemSelection</a></td><td rowspan="1">1672808659279</td><td rowspan="1">29227</td></tr><tr class="failedeven"><td><a href="#m2">checkPrintFromExcessInStockVoucherTransaction</a></td><td rowspan="1">1672810188767</td><td rowspan="1">64790</td></tr><tr class="failedeven"><td><a href="#m3">checkPrintInExcessStocksInUserLevel</a></td><td rowspan="1">1672810331641</td><td rowspan="1">34651</td></tr><tr class="failedeven"><td><a href="#m4">checkStockLedgerIconsInUserLevelandValidateAnalyzeReport</a></td><td rowspan="1">1672809990757</td><td rowspan="1">6451</td></tr><tr class="failedeven"><td><a href="#m5">checkSuspendVoucherandEditSuspendedVoucher</a></td><td rowspan="1">1672809789044</td><td rowspan="1">23202</td></tr><tr class="failedeven"><td><a href="#m6">checksavePurchaseVouchers</a></td><td rowspan="1">1672807812867</td><td rowspan="1">92871</td></tr><tr><th colspan="4">Test &#8212; passed</th></tr><tr class="passedeven"><td rowspan="67">com.focus.testcases.FooterValuesAndBarcodeValidationTest</td><td><a href="#m7">CheckCreateUserInSU</a></td><td rowspan="1">1672810120710</td><td rowspan="1">16649</td></tr><tr class="passedeven"><td><a href="#m8">checKValidatePurchaseVoucherVATRestrictionInUserLevel</a></td><td rowspan="1">1672809280590</td><td rowspan="1">10656</td></tr><tr class="passedeven"><td><a href="#m9">checkAnalyzeStockLedgerInUserLevel</a></td><td rowspan="1">1672809997325</td><td rowspan="1">64940</td></tr><tr class="passedeven"><td><a href="#m10">checkAvailableOptionsBarCodeDefinition</a></td><td rowspan="1">1672808068503</td><td rowspan="1">19925</td></tr><tr class="passedeven"><td><a href="#m11">checkBarcodeIsbeenScannedInDeliveryNotesVoucher</a></td><td rowspan="1">1672808688622</td><td rowspan="1">130784</td></tr><tr class="passedeven"><td><a href="#m12">checkChangeFieldPropertiesInBarcodeLayout</a></td><td rowspan="1">1672808529219</td><td rowspan="1">82768</td></tr><tr class="passedeven"><td><a href="#m13">checkCreateLayoutForBarCode</a></td><td rowspan="1">1672808332181</td><td rowspan="1">197037</td></tr><tr class="passedeven"><td><a href="#m14">checkCreateNewMRNVoucher</a></td><td rowspan="1">1672808177929</td><td rowspan="1">39770</td></tr><tr class="passedeven"><td><a href="#m15">checkCreateProfileWithHomeFinancialsReportRestrictions</a></td><td rowspan="1">1672808819409</td><td rowspan="1">48788</td></tr><tr class="passedeven"><td><a href="#m16">checkDefinedStandardRateForSTDItem</a></td><td rowspan="1">1672807905907</td><td rowspan="1">22561</td></tr><tr class="passedeven"><td><a href="#m17">checkEditingSavedSalesNewVoucherByAddingRow2</a></td><td rowspan="1">1672807231386</td><td rowspan="1">129039</td></tr><tr class="passedeven"><td><a href="#m18">checkEditingSavedSalesNewVoucherWithIgstValueDeduction</a></td><td rowspan="1">1672807360427</td><td rowspan="1">206040</td></tr><tr class="passedeven"><td><a href="#m19">checkEnableAllAccessightsInAccountForTestRestrictionProfile</a></td><td rowspan="1">1672809322005</td><td rowspan="1">33138</td></tr><tr class="passedeven"><td><a href="#m20">checkEnablePurchaseVoucherVatAccessRightsForSavingVoucher</a></td><td rowspan="1">1672809355144</td><td rowspan="1">47902</td></tr><tr class="passedeven"><td><a href="#m21">checkEnableRestOfTheAccessRightInPvVAT</a></td><td rowspan="1">1672809632782</td><td rowspan="1">55279</td></tr><tr class="passedeven"><td><a href="#m22">checkEnableRestOfTheRightsInStockLedger</a></td><td rowspan="1">1672809688062</td><td rowspan="1">43281</td></tr><tr class="passedeven"><td><a href="#m23">checkEnableStockLedgerAccessRightsForAccessingReports</a></td><td rowspan="1">1672809403048</td><td rowspan="1">38586</td></tr><tr class="passedeven"><td><a href="#m24">checkFieldPostToAccountInPurchaseVouchers</a></td><td rowspan="1">1672807769073</td><td rowspan="1">43792</td></tr><tr class="passedeven"><td><a href="#m25">checkFilterOptionInStockLedger</a></td><td rowspan="1">1672810074000</td><td rowspan="1">21992</td></tr><tr class="passedeven"><td><a href="#m26">checkGiveAccessandShowHomePageAccessToAccountInTestRestrictionProfile</a></td><td rowspan="1">1672809001845</td><td rowspan="1">52424</td></tr><tr class="passedeven"><td><a href="#m27">checkGiveAccessandShowHomePageAccessToPVVATInTestRestrictionProfile</a></td><td rowspan="1">1672809054271</td><td rowspan="1">67833</td></tr><tr class="passedeven"><td><a href="#m28">checkGiveAccessandShowHomePageAccessToStockLedgerInUserLevel</a></td><td rowspan="1">1672809122105</td><td rowspan="1">55652</td></tr><tr class="passedeven"><td><a href="#m29">checkLoadAnalysisReport</a></td><td rowspan="1">1672810062267</td><td rowspan="1">11732</td></tr><tr class="passedeven"><td><a href="#m30">checkLogin</a></td><td rowspan="1">1672807065454</td><td rowspan="1">13833</td></tr><tr class="passedeven"><td><a href="#m31">checkLogoutAndLoginWithSU</a></td><td rowspan="1">1672808978682</td><td rowspan="1">23161</td></tr><tr class="passedeven"><td><a href="#m32">checkLogoutAndLoginWithSUForAccessRights</a></td><td rowspan="1">1672809297746</td><td rowspan="1">24257</td></tr><tr class="passedeven"><td><a href="#m33">checkLogoutAndLoginWithSUForAccessRightsInPVVAT</a></td><td rowspan="1">1672809606686</td><td rowspan="1">26094</td></tr><tr class="passedeven"><td><a href="#m34">checkLogoutAndLoginWithSUForUserCreation</a></td><td rowspan="1">1672810095993</td><td rowspan="1">24716</td></tr><tr class="passedeven"><td><a href="#m35">checkLogoutAndLoginWithTestUser</a></td><td rowspan="1">1672810253707</td><td rowspan="1">21929</td></tr><tr class="passedeven"><td><a href="#m36">checkLogoutAndLogoutWithCreatedUserForValidations</a></td><td rowspan="1">1672809731344</td><td rowspan="1">22813</td></tr><tr class="passedeven"><td><a href="#m37">checkLogoutAndLogoutWithCrestedUser</a></td><td rowspan="1">1672808946948</td><td rowspan="1">21890</td></tr><tr class="passedeven"><td><a href="#m38">checkLogoutAndLogoutWithCrestedUserAfterGivingPermissionsForAccount</a></td><td rowspan="1">1672809441636</td><td rowspan="1">22411</td></tr><tr class="passedeven"><td><a href="#m39">checkLogoutAndLogoutWithCrestedUserAfterGivingPermissionsForProfile</a></td><td rowspan="1">1672809177758</td><td rowspan="1">20639</td></tr><tr class="passedeven"><td><a href="#m40">checkMenuSelectedInProfileAreReflectingInUserLevel</a></td><td rowspan="1">1672808968840</td><td rowspan="1">2300</td></tr><tr class="passedeven"><td><a href="#m41">checkOtherToolsOptionsAccountsMenu</a></td><td rowspan="1">1672809468694</td><td rowspan="1">1953</td></tr><tr class="passedeven"><td><a href="#m42">checkPostingDetailsAndCopyToClipBoardOptionsInPVVAT</a></td><td rowspan="1">1672809812380</td><td rowspan="1">28089</td></tr><tr class="passedeven"><td><a href="#m43">checkPrintBarcodePopupFields</a></td><td rowspan="1">1672808611988</td><td rowspan="1">5706</td></tr><tr class="passedeven"><td><a href="#m44">checkPrintBarcodePrintingWithManualQuantityPick</a></td><td rowspan="1">1672808631439</td><td rowspan="1">27838</td></tr><tr class="passedeven"><td><a href="#m45">checkPrintOptionInUserLevel</a></td><td rowspan="1">1672809586921</td><td rowspan="1">19764</td></tr><tr class="passedeven"><td><a href="#m46">checkPurchaseVarianceInPostingDeatilsByGivingExactStandardRate</a></td><td rowspan="1">1672807999903</td><td rowspan="1">68597</td></tr><tr class="passedeven"><td><a href="#m47">checkPurchaseVarianceInPostingDetailsForSTDItem</a></td><td rowspan="1">1672807928470</td><td rowspan="1">71431</td></tr><tr class="passedeven"><td><a href="#m48">checkPurchaseVoucherVATVisibilityInPurchasesMenuInUserLevel</a></td><td rowspan="1">1672808973820</td><td rowspan="1">3589</td></tr><tr class="passedeven"><td><a href="#m49">checkSaveAccountAfterAccessingRights</a></td><td rowspan="1">1672809470648</td><td rowspan="1">10318</td></tr><tr class="passedeven"><td><a href="#m50">checkSaveBarcodeDefinitionWithAllInputs</a></td><td rowspan="1">1672808094208</td><td rowspan="1">83718</td></tr><tr class="passedeven"><td><a href="#m51">checkSaveBarcodeDefinitionWithoutTemplateName</a></td><td rowspan="1">1672808088431</td><td rowspan="1">2725</td></tr><tr class="passedeven"><td><a href="#m52">checkSaveBarcodeVoucherWithBatchItem</a></td><td rowspan="1">1672808217701</td><td rowspan="1">114477</td></tr><tr class="passedeven"><td><a href="#m53">checkSaveExcessInStocksInUserLevel</a></td><td rowspan="1">1672810285312</td><td rowspan="1">46327</td></tr><tr class="passedeven"><td><a href="#m54">checkSaveExcessInStocksVoucher</a></td><td rowspan="1">1672810137361</td><td rowspan="1">51405</td></tr><tr class="passedeven"><td><a href="#m55">checkSavePrintLayoutAndPrintOptionInOutputOptions</a></td><td rowspan="1">1672809840471</td><td rowspan="1">150284</td></tr><tr class="passedeven"><td><a href="#m56">checkSavePurchaseVoucherVAT</a></td><td rowspan="1">1672809480968</td><td rowspan="1">61819</td></tr><tr class="passedeven"><td><a href="#m57">checkSaveRoleWithCreatedProfileForRestrictions</a></td><td rowspan="1">1672808919361</td><td rowspan="1">14646</td></tr><tr class="passedeven"><td><a href="#m58">checkSaveSalesInvoiceNewVoucherWithDecimalValueRates</a></td><td rowspan="1">1672807566470</td><td rowspan="1">202601</td></tr><tr class="passedeven"><td><a href="#m59">checkSavedProfileWithUnselectedRestrictions</a></td><td rowspan="1">1672808868199</td><td rowspan="1">51161</td></tr><tr class="passedeven"><td><a href="#m60">checkSavedPurchaseVoucherVATForCopyPastePostingDetailsSettingsDeleteDoc</a></td><td rowspan="1">1672809542788</td><td rowspan="1">13626</td></tr><tr class="passedeven"><td><a href="#m61">checkSavingSalesInvoiceNewVoucherWithRow1InBodyGrid</a></td><td rowspan="1">1672807079289</td><td rowspan="1">152095</td></tr><tr class="passedeven"><td><a href="#m62">checkSettingsBtnDeleteBtnnUserLevel</a></td><td rowspan="1">1672809556415</td><td rowspan="1">17142</td></tr><tr class="passedeven"><td><a href="#m63">checkStockLedgerAfterAccessingRights</a></td><td rowspan="1">1672809573558</td><td rowspan="1">13362</td></tr><tr class="passedeven"><td><a href="#m64">checkStockLedgerVisibilityInReports</a></td><td rowspan="1">1672808977410</td><td rowspan="1">1271</td></tr><tr class="passedeven"><td><a href="#m65">checkToolsOptionsAccountsMenu</a></td><td rowspan="1">1672809464049</td><td rowspan="1">4643</td></tr><tr class="passedeven"><td><a href="#m66">checkUserCreationForCreatedRoleForRestrictions</a></td><td rowspan="1">1672808934009</td><td rowspan="1">12937</td></tr><tr class="passedeven"><td><a href="#m67">checkValidateAccountAccessInUserLevel</a></td><td rowspan="1">1672809198399</td><td rowspan="1">82190</td></tr><tr class="passedeven"><td><a href="#m68">checkValidateAccountVisibilityInUserLevel</a></td><td rowspan="1">1672808971141</td><td rowspan="1">2678</td></tr><tr class="passedeven"><td><a href="#m69">checkValidateEnabledRightsInProfileInUserLevel</a></td><td rowspan="1">1672809754158</td><td rowspan="1">34885</td></tr><tr class="passedeven"><td><a href="#m70">checkValidateStockLedgerReportRestrictionInUserLevel</a></td><td rowspan="1">1672809291247</td><td rowspan="1">6497</td></tr><tr class="passedeven"><td><a href="#m71">checkVoucherSavedBySUIsVisibleInTestUser</a></td><td rowspan="1">1672810275637</td><td rowspan="1">9674</td></tr><tr class="passedeven"><td><a href="#m72">checklogout</a></td><td rowspan="1">1672810366534</td><td rowspan="1">8561</td></tr><tr class="passedeven"><td><a href="#m73">checksaveDefinitionWithoutSelectingFields</a></td><td rowspan="1">1672808091158</td><td rowspan="1">3046</td></tr><tr class="passedodd"><td rowspan="2">com.focus.testcases.URLBrowserTest</td><td><a href="#m74">checkLoginPageTitleByURLInputInBrowser</a></td><td rowspan="1">1672807058125</td><td rowspan="1">7324</td></tr><tr class="passedodd"><td><a href="#m75">verifyBrowserOpen</a></td><td rowspan="1">1672807048810</td><td rowspan="1">9315</td></tr></tbody></table><h2>Test</h2><h3 id="m0">com.focus.testcases.FooterValuesAndBarcodeValidationTest#checkPrintBarcodeIntoPDFandValidatePDF</h3><table class="result"><tr><th>Messages</th></tr><tr><td><div class="messages">Completed executing following method : FooterValuesAndBarcodeValidationTest.checkPrintBarcodeIntoPDFandValidatePDF<br/>Test Method resides in com.focus.testcases.FooterValuesAndBarcodeValidationTest<br/>Test Status: Failed<br/>About to begin executing following method : BaseEngine.afterMethodExecution</div></td></tr><tr><th>Exception</th></tr><tr><td><div class="stacktrace">java.lang.IndexOutOfBoundsException: Index: 1, Size: 1
	at java.util.ArrayList.rangeCheck(Unknown Source)
	at java.util.ArrayList.get(Unknown Source)
	at com.focus.Pages.VoucherPrintOptionsPage.checkPrintBarcodeIntoPDFandValidatePDF(VoucherPrintOptionsPage.java:36300)
	at com.focus.testcases.FooterValuesAndBarcodeValidationTest.checkPrintBarcodeIntoPDFandValidatePDF(FooterValuesAndBarcodeValidationTest.java:173)
... Removed 24 stack frames</div></td></tr></table><p class="totop"><a href="#summary">back to summary</a></p><h3 id="m1">com.focus.testcases.FooterValuesAndBarcodeValidationTest#checkPrintBarcodePrintingWithItemSelection</h3><table class="result"><tr><th>Messages</th></tr><tr><td><div class="messages">Completed executing following method : FooterValuesAndBarcodeValidationTest.checkPrintBarcodePrintingWithItemSelection<br/>Test Method resides in com.focus.testcases.FooterValuesAndBarcodeValidationTest<br/>Test Status: Failed<br/>About to begin executing following method : BaseEngine.afterMethodExecution</div></td></tr><tr><th>Exception</th></tr><tr><td><div class="stacktrace">java.lang.AssertionError: expected [true] but found [false]
	at com.focus.testcases.FooterValuesAndBarcodeValidationTest.checkPrintBarcodePrintingWithItemSelection(FooterValuesAndBarcodeValidationTest.java:187)
... Removed 30 stack frames</div></td></tr></table><p class="totop"><a href="#summary">back to summary</a></p><h3 id="m2">com.focus.testcases.FooterValuesAndBarcodeValidationTest#checkPrintFromExcessInStockVoucherTransaction</h3><table class="result"><tr><th>Messages</th></tr><tr><td><div class="messages">Completed executing following method : FooterValuesAndBarcodeValidationTest.checkPrintFromExcessInStockVoucherTransaction<br/>Test Method resides in com.focus.testcases.FooterValuesAndBarcodeValidationTest<br/>Test Status: Failed<br/>About to begin executing following method : BaseEngine.afterMethodExecution</div></td></tr><tr><th>Exception</th></tr><tr><td><div class="stacktrace">java.io.FileNotFoundException: D:\Focus9AllProjectSuite\FocusAI\autoIt\ExportFiles\savingExcessInStocksPrint.pdf (The system cannot find the file specified)
	at java.io.RandomAccessFile.open0(Native Method)
	at java.io.RandomAccessFile.open(Unknown Source)
	at java.io.RandomAccessFile.&lt;init&gt;(Unknown Source)
	at org.apache.pdfbox.io.RandomAccessBufferedFileInputStream.&lt;init&gt;(RandomAccessBufferedFileInputStream.java:99)
	at org.apache.pdfbox.pdmodel.PDDocument.load(PDDocument.java:1006)
	at org.apache.pdfbox.pdmodel.PDDocument.load(PDDocument.java:969)
	at org.apache.pdfbox.pdmodel.PDDocument.load(PDDocument.java:917)
	at com.testautomationguru.utility.PDFUtil.getPDFText(PDFUtil.java:239)
	at com.testautomationguru.utility.PDFUtil.comparepdfFilesWithTextMode(PDFUtil.java:323)
	at com.testautomationguru.utility.PDFUtil.comparePdfFiles(PDFUtil.java:316)
	at com.testautomationguru.utility.PDFUtil.compare(PDFUtil.java:278)
	at com.focus.Pages.VoucherPrintOptionsPage.checkPrintFromExcessInStockVoucherTransaction(VoucherPrintOptionsPage.java:41503)
	at com.focus.testcases.FooterValuesAndBarcodeValidationTest.checkPrintFromExcessInStockVoucherTransaction(FooterValuesAndBarcodeValidationTest.java:534)
... Removed 24 stack frames</div></td></tr></table><p class="totop"><a href="#summary">back to summary</a></p><h3 id="m3">com.focus.testcases.FooterValuesAndBarcodeValidationTest#checkPrintInExcessStocksInUserLevel</h3><table class="result"><tr><th>Messages</th></tr><tr><td><div class="messages">Completed executing following method : FooterValuesAndBarcodeValidationTest.checkPrintInExcessStocksInUserLevel<br/>Test Method resides in com.focus.testcases.FooterValuesAndBarcodeValidationTest<br/>Test Status: Failed<br/>About to begin executing following method : BaseEngine.afterMethodExecution</div></td></tr><tr><th>Exception</th></tr><tr><td><div class="stacktrace">java.lang.IndexOutOfBoundsException: Index: 2, Size: 2
	at java.util.ArrayList.rangeCheck(Unknown Source)
	at java.util.ArrayList.get(Unknown Source)
	at com.focus.Pages.VoucherPrintOptionsPage.checkPrintInExcessStocksInUserLevel(VoucherPrintOptionsPage.java:41855)
	at com.focus.testcases.FooterValuesAndBarcodeValidationTest.checkPrintInExcessStocksInUserLevel(FooterValuesAndBarcodeValidationTest.java:562)
... Removed 24 stack frames</div></td></tr></table><p class="totop"><a href="#summary">back to summary</a></p><h3 id="m4">com.focus.testcases.FooterValuesAndBarcodeValidationTest#checkStockLedgerIconsInUserLevelandValidateAnalyzeReport</h3><table class="result"><tr><th>Messages</th></tr><tr><td><div class="messages">Completed executing following method : FooterValuesAndBarcodeValidationTest.checkStockLedgerIconsInUserLevelandValidateAnalyzeReport<br/>Test Method resides in com.focus.testcases.FooterValuesAndBarcodeValidationTest<br/>Test Status: Failed<br/>About to begin executing following method : BaseEngine.afterMethodExecution</div></td></tr><tr><th>Exception</th></tr><tr><td><div class="stacktrace">java.lang.AssertionError: expected [true] but found [false]
	at com.focus.testcases.FooterValuesAndBarcodeValidationTest.checkStockLedgerIconsInUserLevelandValidateAnalyzeReport(FooterValuesAndBarcodeValidationTest.java:480)
... Removed 30 stack frames</div></td></tr></table><p class="totop"><a href="#summary">back to summary</a></p><h3 id="m5">com.focus.testcases.FooterValuesAndBarcodeValidationTest#checkSuspendVoucherandEditSuspendedVoucher</h3><table class="result"><tr><th>Messages</th></tr><tr><td><div class="messages">Completed executing following method : FooterValuesAndBarcodeValidationTest.checkSuspendVoucherandEditSuspendedVoucher<br/>Test Method resides in com.focus.testcases.FooterValuesAndBarcodeValidationTest<br/>Test Status: Failed<br/>About to begin executing following method : BaseEngine.afterMethodExecution</div></td></tr><tr><th>Exception</th></tr><tr><td><div class="stacktrace">java.lang.AssertionError: expected [true] but found [false]
	at com.focus.testcases.FooterValuesAndBarcodeValidationTest.checkSuspendVoucherandEditSuspendedVoucher(FooterValuesAndBarcodeValidationTest.java:458)
... Removed 30 stack frames</div></td></tr></table><p class="totop"><a href="#summary">back to summary</a></p><h3 id="m6">com.focus.testcases.FooterValuesAndBarcodeValidationTest#checksavePurchaseVouchers</h3><table class="result"><tr><th>Messages</th></tr><tr><td><div class="messages">Completed executing following method : FooterValuesAndBarcodeValidationTest.checksavePurchaseVouchers<br/>Test Method resides in com.focus.testcases.FooterValuesAndBarcodeValidationTest<br/>Test Status: Failed<br/>About to begin executing following method : BaseEngine.afterMethodExecution</div></td></tr><tr><th>Exception</th></tr><tr><td><div class="stacktrace">java.lang.AssertionError: expected [true] but found [false]
	at com.focus.testcases.FooterValuesAndBarcodeValidationTest.checksavePurchaseVouchers(FooterValuesAndBarcodeValidationTest.java:75)
... Removed 30 stack frames</div></td></tr></table><p class="totop"><a href="#summary">back to summary</a></p><h3 id="m7">com.focus.testcases.FooterValuesAndBarcodeValidationTest#CheckCreateUserInSU</h3><table class="result"><tr><th>Messages</th></tr><tr><td><div class="messages">Completed executing following method : FooterValuesAndBarcodeValidationTest.CheckCreateUserInSU<br/>Test Method resides in com.focus.testcases.FooterValuesAndBarcodeValidationTest<br/>Test Status: Pass<br/>About to begin executing following method : BaseEngine.afterMethodExecution</div></td></tr></table><p class="totop"><a href="#summary">back to summary</a></p><h3 id="m8">com.focus.testcases.FooterValuesAndBarcodeValidationTest#checKValidatePurchaseVoucherVATRestrictionInUserLevel</h3><table class="result"><tr><th>Messages</th></tr><tr><td><div class="messages">Completed executing following method : FooterValuesAndBarcodeValidationTest.checKValidatePurchaseVoucherVATRestrictionInUserLevel<br/>Test Method resides in com.focus.testcases.FooterValuesAndBarcodeValidationTest<br/>Test Status: Pass<br/>About to begin executing following method : BaseEngine.afterMethodExecution</div></td></tr></table><p class="totop"><a href="#summary">back to summary</a></p><h3 id="m9">com.focus.testcases.FooterValuesAndBarcodeValidationTest#checkAnalyzeStockLedgerInUserLevel</h3><table class="result"><tr><th>Messages</th></tr><tr><td><div class="messages">Completed executing following method : FooterValuesAndBarcodeValidationTest.checkAnalyzeStockLedgerInUserLevel<br/>Test Method resides in com.focus.testcases.FooterValuesAndBarcodeValidationTest<br/>Test Status: Pass<br/>About to begin executing following method : BaseEngine.afterMethodExecution</div></td></tr></table><p class="totop"><a href="#summary">back to summary</a></p><h3 id="m10">com.focus.testcases.FooterValuesAndBarcodeValidationTest#checkAvailableOptionsBarCodeDefinition</h3><table class="result"><tr><th>Messages</th></tr><tr><td><div class="messages">Completed executing following method : FooterValuesAndBarcodeValidationTest.checkAvailableOptionsBarCodeDefinition<br/>Test Method resides in com.focus.testcases.FooterValuesAndBarcodeValidationTest<br/>Test Status: Pass<br/>About to begin executing following method : BaseEngine.afterMethodExecution</div></td></tr></table><p class="totop"><a href="#summary">back to summary</a></p><h3 id="m11">com.focus.testcases.FooterValuesAndBarcodeValidationTest#checkBarcodeIsbeenScannedInDeliveryNotesVoucher</h3><table class="result"><tr><th>Messages</th></tr><tr><td><div class="messages">Completed executing following method : FooterValuesAndBarcodeValidationTest.checkBarcodeIsbeenScannedInDeliveryNotesVoucher<br/>Test Method resides in com.focus.testcases.FooterValuesAndBarcodeValidationTest<br/>Test Status: Pass<br/>About to begin executing following method : BaseEngine.afterMethodExecution</div></td></tr></table><p class="totop"><a href="#summary">back to summary</a></p><h3 id="m12">com.focus.testcases.FooterValuesAndBarcodeValidationTest#checkChangeFieldPropertiesInBarcodeLayout</h3><table class="result"><tr><th>Messages</th></tr><tr><td><div class="messages">Completed executing following method : FooterValuesAndBarcodeValidationTest.checkChangeFieldPropertiesInBarcodeLayout<br/>Test Method resides in com.focus.testcases.FooterValuesAndBarcodeValidationTest<br/>Test Status: Pass<br/>About to begin executing following method : BaseEngine.afterMethodExecution</div></td></tr></table><p class="totop"><a href="#summary">back to summary</a></p><h3 id="m13">com.focus.testcases.FooterValuesAndBarcodeValidationTest#checkCreateLayoutForBarCode</h3><table class="result"><tr><th>Messages</th></tr><tr><td><div class="messages">Completed executing following method : FooterValuesAndBarcodeValidationTest.checkCreateLayoutForBarCode<br/>Test Method resides in com.focus.testcases.FooterValuesAndBarcodeValidationTest<br/>Test Status: Pass<br/>About to begin executing following method : BaseEngine.afterMethodExecution</div></td></tr></table><p class="totop"><a href="#summary">back to summary</a></p><h3 id="m14">com.focus.testcases.FooterValuesAndBarcodeValidationTest#checkCreateNewMRNVoucher</h3><table class="result"><tr><th>Messages</th></tr><tr><td><div class="messages">Completed executing following method : FooterValuesAndBarcodeValidationTest.checkCreateNewMRNVoucher<br/>Test Method resides in com.focus.testcases.FooterValuesAndBarcodeValidationTest<br/>Test Status: Pass<br/>About to begin executing following method : BaseEngine.afterMethodExecution</div></td></tr></table><p class="totop"><a href="#summary">back to summary</a></p><h3 id="m15">com.focus.testcases.FooterValuesAndBarcodeValidationTest#checkCreateProfileWithHomeFinancialsReportRestrictions</h3><table class="result"><tr><th>Messages</th></tr><tr><td><div class="messages">Completed executing following method : FooterValuesAndBarcodeValidationTest.checkCreateProfileWithHomeFinancialsReportRestrictions<br/>Test Method resides in com.focus.testcases.FooterValuesAndBarcodeValidationTest<br/>Test Status: Pass<br/>About to begin executing following method : BaseEngine.afterMethodExecution</div></td></tr></table><p class="totop"><a href="#summary">back to summary</a></p><h3 id="m16">com.focus.testcases.FooterValuesAndBarcodeValidationTest#checkDefinedStandardRateForSTDItem</h3><table class="result"><tr><th>Messages</th></tr><tr><td><div class="messages">Completed executing following method : FooterValuesAndBarcodeValidationTest.checkDefinedStandardRateForSTDItem<br/>Test Method resides in com.focus.testcases.FooterValuesAndBarcodeValidationTest<br/>Test Status: Pass<br/>About to begin executing following method : BaseEngine.afterMethodExecution</div></td></tr></table><p class="totop"><a href="#summary">back to summary</a></p><h3 id="m17">com.focus.testcases.FooterValuesAndBarcodeValidationTest#checkEditingSavedSalesNewVoucherByAddingRow2</h3><table class="result"><tr><th>Messages</th></tr><tr><td><div class="messages">Completed executing following method : FooterValuesAndBarcodeValidationTest.checkEditingSavedSalesNewVoucherByAddingRow2<br/>Test Method resides in com.focus.testcases.FooterValuesAndBarcodeValidationTest<br/>Test Status: Pass<br/>About to begin executing following method : BaseEngine.afterMethodExecution</div></td></tr></table><p class="totop"><a href="#summary">back to summary</a></p><h3 id="m18">com.focus.testcases.FooterValuesAndBarcodeValidationTest#checkEditingSavedSalesNewVoucherWithIgstValueDeduction</h3><table class="result"><tr><th>Messages</th></tr><tr><td><div class="messages">Completed executing following method : FooterValuesAndBarcodeValidationTest.checkEditingSavedSalesNewVoucherWithIgstValueDeduction<br/>Test Method resides in com.focus.testcases.FooterValuesAndBarcodeValidationTest<br/>Test Status: Pass<br/>About to begin executing following method : BaseEngine.afterMethodExecution</div></td></tr></table><p class="totop"><a href="#summary">back to summary</a></p><h3 id="m19">com.focus.testcases.FooterValuesAndBarcodeValidationTest#checkEnableAllAccessightsInAccountForTestRestrictionProfile</h3><table class="result"><tr><th>Messages</th></tr><tr><td><div class="messages">Completed executing following method : FooterValuesAndBarcodeValidationTest.checkEnableAllAccessightsInAccountForTestRestrictionProfile<br/>Test Method resides in com.focus.testcases.FooterValuesAndBarcodeValidationTest<br/>Test Status: Pass<br/>About to begin executing following method : BaseEngine.afterMethodExecution</div></td></tr></table><p class="totop"><a href="#summary">back to summary</a></p><h3 id="m20">com.focus.testcases.FooterValuesAndBarcodeValidationTest#checkEnablePurchaseVoucherVatAccessRightsForSavingVoucher</h3><table class="result"><tr><th>Messages</th></tr><tr><td><div class="messages">Completed executing following method : FooterValuesAndBarcodeValidationTest.checkEnablePurchaseVoucherVatAccessRightsForSavingVoucher<br/>Test Method resides in com.focus.testcases.FooterValuesAndBarcodeValidationTest<br/>Test Status: Pass<br/>About to begin executing following method : BaseEngine.afterMethodExecution</div></td></tr></table><p class="totop"><a href="#summary">back to summary</a></p><h3 id="m21">com.focus.testcases.FooterValuesAndBarcodeValidationTest#checkEnableRestOfTheAccessRightInPvVAT</h3><table class="result"><tr><th>Messages</th></tr><tr><td><div class="messages">Completed executing following method : FooterValuesAndBarcodeValidationTest.checkEnableRestOfTheAccessRightInPvVAT<br/>Test Method resides in com.focus.testcases.FooterValuesAndBarcodeValidationTest<br/>Test Status: Pass<br/>About to begin executing following method : BaseEngine.afterMethodExecution</div></td></tr></table><p class="totop"><a href="#summary">back to summary</a></p><h3 id="m22">com.focus.testcases.FooterValuesAndBarcodeValidationTest#checkEnableRestOfTheRightsInStockLedger</h3><table class="result"><tr><th>Messages</th></tr><tr><td><div class="messages">Completed executing following method : FooterValuesAndBarcodeValidationTest.checkEnableRestOfTheRightsInStockLedger<br/>Test Method resides in com.focus.testcases.FooterValuesAndBarcodeValidationTest<br/>Test Status: Pass<br/>About to begin executing following method : BaseEngine.afterMethodExecution</div></td></tr></table><p class="totop"><a href="#summary">back to summary</a></p><h3 id="m23">com.focus.testcases.FooterValuesAndBarcodeValidationTest#checkEnableStockLedgerAccessRightsForAccessingReports</h3><table class="result"><tr><th>Messages</th></tr><tr><td><div class="messages">Completed executing following method : FooterValuesAndBarcodeValidationTest.checkEnableStockLedgerAccessRightsForAccessingReports<br/>Test Method resides in com.focus.testcases.FooterValuesAndBarcodeValidationTest<br/>Test Status: Pass<br/>About to begin executing following method : BaseEngine.afterMethodExecution</div></td></tr></table><p class="totop"><a href="#summary">back to summary</a></p><h3 id="m24">com.focus.testcases.FooterValuesAndBarcodeValidationTest#checkFieldPostToAccountInPurchaseVouchers</h3><table class="result"><tr><th>Messages</th></tr><tr><td><div class="messages">Completed executing following method : FooterValuesAndBarcodeValidationTest.checkFieldPostToAccountInPurchaseVouchers<br/>Test Method resides in com.focus.testcases.FooterValuesAndBarcodeValidationTest<br/>Test Status: Pass<br/>About to begin executing following method : BaseEngine.afterMethodExecution</div></td></tr></table><p class="totop"><a href="#summary">back to summary</a></p><h3 id="m25">com.focus.testcases.FooterValuesAndBarcodeValidationTest#checkFilterOptionInStockLedger</h3><table class="result"><tr><th>Messages</th></tr><tr><td><div class="messages">Completed executing following method : FooterValuesAndBarcodeValidationTest.checkFilterOptionInStockLedger<br/>Test Method resides in com.focus.testcases.FooterValuesAndBarcodeValidationTest<br/>Test Status: Pass<br/>About to begin executing following method : BaseEngine.afterMethodExecution</div></td></tr></table><p class="totop"><a href="#summary">back to summary</a></p><h3 id="m26">com.focus.testcases.FooterValuesAndBarcodeValidationTest#checkGiveAccessandShowHomePageAccessToAccountInTestRestrictionProfile</h3><table class="result"><tr><th>Messages</th></tr><tr><td><div class="messages">Completed executing following method : FooterValuesAndBarcodeValidationTest.checkGiveAccessandShowHomePageAccessToAccountInTestRestrictionProfile<br/>Test Method resides in com.focus.testcases.FooterValuesAndBarcodeValidationTest<br/>Test Status: Pass<br/>About to begin executing following method : BaseEngine.afterMethodExecution</div></td></tr></table><p class="totop"><a href="#summary">back to summary</a></p><h3 id="m27">com.focus.testcases.FooterValuesAndBarcodeValidationTest#checkGiveAccessandShowHomePageAccessToPVVATInTestRestrictionProfile</h3><table class="result"><tr><th>Messages</th></tr><tr><td><div class="messages">Completed executing following method : FooterValuesAndBarcodeValidationTest.checkGiveAccessandShowHomePageAccessToPVVATInTestRestrictionProfile<br/>Test Method resides in com.focus.testcases.FooterValuesAndBarcodeValidationTest<br/>Test Status: Pass<br/>About to begin executing following method : BaseEngine.afterMethodExecution</div></td></tr></table><p class="totop"><a href="#summary">back to summary</a></p><h3 id="m28">com.focus.testcases.FooterValuesAndBarcodeValidationTest#checkGiveAccessandShowHomePageAccessToStockLedgerInUserLevel</h3><table class="result"><tr><th>Messages</th></tr><tr><td><div class="messages">Completed executing following method : FooterValuesAndBarcodeValidationTest.checkGiveAccessandShowHomePageAccessToStockLedgerInUserLevel<br/>Test Method resides in com.focus.testcases.FooterValuesAndBarcodeValidationTest<br/>Test Status: Pass<br/>About to begin executing following method : BaseEngine.afterMethodExecution</div></td></tr></table><p class="totop"><a href="#summary">back to summary</a></p><h3 id="m29">com.focus.testcases.FooterValuesAndBarcodeValidationTest#checkLoadAnalysisReport</h3><table class="result"><tr><th>Messages</th></tr><tr><td><div class="messages">Completed executing following method : FooterValuesAndBarcodeValidationTest.checkLoadAnalysisReport<br/>Test Method resides in com.focus.testcases.FooterValuesAndBarcodeValidationTest<br/>Test Status: Pass<br/>About to begin executing following method : BaseEngine.afterMethodExecution</div></td></tr></table><p class="totop"><a href="#summary">back to summary</a></p><h3 id="m30">com.focus.testcases.FooterValuesAndBarcodeValidationTest#checkLogin</h3><table class="result"><tr><th>Messages</th></tr><tr><td><div class="messages">Completed executing following method : FooterValuesAndBarcodeValidationTest.checkLogin<br/>Test Method resides in com.focus.testcases.FooterValuesAndBarcodeValidationTest<br/>Test Status: Pass<br/>About to begin executing following method : BaseEngine.afterMethodExecution</div></td></tr></table><p class="totop"><a href="#summary">back to summary</a></p><h3 id="m31">com.focus.testcases.FooterValuesAndBarcodeValidationTest#checkLogoutAndLoginWithSU</h3><table class="result"><tr><th>Messages</th></tr><tr><td><div class="messages">Completed executing following method : FooterValuesAndBarcodeValidationTest.checkLogoutAndLoginWithSU<br/>Test Method resides in com.focus.testcases.FooterValuesAndBarcodeValidationTest<br/>Test Status: Pass<br/>About to begin executing following method : BaseEngine.afterMethodExecution</div></td></tr></table><p class="totop"><a href="#summary">back to summary</a></p><h3 id="m32">com.focus.testcases.FooterValuesAndBarcodeValidationTest#checkLogoutAndLoginWithSUForAccessRights</h3><table class="result"><tr><th>Messages</th></tr><tr><td><div class="messages">Completed executing following method : FooterValuesAndBarcodeValidationTest.checkLogoutAndLoginWithSUForAccessRights<br/>Test Method resides in com.focus.testcases.FooterValuesAndBarcodeValidationTest<br/>Test Status: Pass<br/>About to begin executing following method : BaseEngine.afterMethodExecution</div></td></tr></table><p class="totop"><a href="#summary">back to summary</a></p><h3 id="m33">com.focus.testcases.FooterValuesAndBarcodeValidationTest#checkLogoutAndLoginWithSUForAccessRightsInPVVAT</h3><table class="result"><tr><th>Messages</th></tr><tr><td><div class="messages">Completed executing following method : FooterValuesAndBarcodeValidationTest.checkLogoutAndLoginWithSUForAccessRightsInPVVAT<br/>Test Method resides in com.focus.testcases.FooterValuesAndBarcodeValidationTest<br/>Test Status: Pass<br/>About to begin executing following method : BaseEngine.afterMethodExecution</div></td></tr></table><p class="totop"><a href="#summary">back to summary</a></p><h3 id="m34">com.focus.testcases.FooterValuesAndBarcodeValidationTest#checkLogoutAndLoginWithSUForUserCreation</h3><table class="result"><tr><th>Messages</th></tr><tr><td><div class="messages">Completed executing following method : FooterValuesAndBarcodeValidationTest.checkLogoutAndLoginWithSUForUserCreation<br/>Test Method resides in com.focus.testcases.FooterValuesAndBarcodeValidationTest<br/>Test Status: Pass<br/>About to begin executing following method : BaseEngine.afterMethodExecution</div></td></tr></table><p class="totop"><a href="#summary">back to summary</a></p><h3 id="m35">com.focus.testcases.FooterValuesAndBarcodeValidationTest#checkLogoutAndLoginWithTestUser</h3><table class="result"><tr><th>Messages</th></tr><tr><td><div class="messages">Completed executing following method : FooterValuesAndBarcodeValidationTest.checkLogoutAndLoginWithTestUser<br/>Test Method resides in com.focus.testcases.FooterValuesAndBarcodeValidationTest<br/>Test Status: Pass<br/>About to begin executing following method : BaseEngine.afterMethodExecution</div></td></tr></table><p class="totop"><a href="#summary">back to summary</a></p><h3 id="m36">com.focus.testcases.FooterValuesAndBarcodeValidationTest#checkLogoutAndLogoutWithCreatedUserForValidations</h3><table class="result"><tr><th>Messages</th></tr><tr><td><div class="messages">Completed executing following method : FooterValuesAndBarcodeValidationTest.checkLogoutAndLogoutWithCreatedUserForValidations<br/>Test Method resides in com.focus.testcases.FooterValuesAndBarcodeValidationTest<br/>Test Status: Pass<br/>About to begin executing following method : BaseEngine.afterMethodExecution</div></td></tr></table><p class="totop"><a href="#summary">back to summary</a></p><h3 id="m37">com.focus.testcases.FooterValuesAndBarcodeValidationTest#checkLogoutAndLogoutWithCrestedUser</h3><table class="result"><tr><th>Messages</th></tr><tr><td><div class="messages">Completed executing following method : FooterValuesAndBarcodeValidationTest.checkLogoutAndLogoutWithCrestedUser<br/>Test Method resides in com.focus.testcases.FooterValuesAndBarcodeValidationTest<br/>Test Status: Pass<br/>About to begin executing following method : BaseEngine.afterMethodExecution</div></td></tr></table><p class="totop"><a href="#summary">back to summary</a></p><h3 id="m38">com.focus.testcases.FooterValuesAndBarcodeValidationTest#checkLogoutAndLogoutWithCrestedUserAfterGivingPermissionsForAccount</h3><table class="result"><tr><th>Messages</th></tr><tr><td><div class="messages">Completed executing following method : FooterValuesAndBarcodeValidationTest.checkLogoutAndLogoutWithCrestedUserAfterGivingPermissionsForAccount<br/>Test Method resides in com.focus.testcases.FooterValuesAndBarcodeValidationTest<br/>Test Status: Pass<br/>About to begin executing following method : BaseEngine.afterMethodExecution</div></td></tr></table><p class="totop"><a href="#summary">back to summary</a></p><h3 id="m39">com.focus.testcases.FooterValuesAndBarcodeValidationTest#checkLogoutAndLogoutWithCrestedUserAfterGivingPermissionsForProfile</h3><table class="result"><tr><th>Messages</th></tr><tr><td><div class="messages">Completed executing following method : FooterValuesAndBarcodeValidationTest.checkLogoutAndLogoutWithCrestedUserAfterGivingPermissionsForProfile<br/>Test Method resides in com.focus.testcases.FooterValuesAndBarcodeValidationTest<br/>Test Status: Pass<br/>About to begin executing following method : BaseEngine.afterMethodExecution</div></td></tr></table><p class="totop"><a href="#summary">back to summary</a></p><h3 id="m40">com.focus.testcases.FooterValuesAndBarcodeValidationTest#checkMenuSelectedInProfileAreReflectingInUserLevel</h3><table class="result"><tr><th>Messages</th></tr><tr><td><div class="messages">Completed executing following method : FooterValuesAndBarcodeValidationTest.checkMenuSelectedInProfileAreReflectingInUserLevel<br/>Test Method resides in com.focus.testcases.FooterValuesAndBarcodeValidationTest<br/>Test Status: Pass<br/>About to begin executing following method : BaseEngine.afterMethodExecution</div></td></tr></table><p class="totop"><a href="#summary">back to summary</a></p><h3 id="m41">com.focus.testcases.FooterValuesAndBarcodeValidationTest#checkOtherToolsOptionsAccountsMenu</h3><table class="result"><tr><th>Messages</th></tr><tr><td><div class="messages">Completed executing following method : FooterValuesAndBarcodeValidationTest.checkOtherToolsOptionsAccountsMenu<br/>Test Method resides in com.focus.testcases.FooterValuesAndBarcodeValidationTest<br/>Test Status: Pass<br/>About to begin executing following method : BaseEngine.afterMethodExecution</div></td></tr></table><p class="totop"><a href="#summary">back to summary</a></p><h3 id="m42">com.focus.testcases.FooterValuesAndBarcodeValidationTest#checkPostingDetailsAndCopyToClipBoardOptionsInPVVAT</h3><table class="result"><tr><th>Messages</th></tr><tr><td><div class="messages">Completed executing following method : FooterValuesAndBarcodeValidationTest.checkPostingDetailsAndCopyToClipBoardOptionsInPVVAT<br/>Test Method resides in com.focus.testcases.FooterValuesAndBarcodeValidationTest<br/>Test Status: Pass<br/>About to begin executing following method : BaseEngine.afterMethodExecution</div></td></tr></table><p class="totop"><a href="#summary">back to summary</a></p><h3 id="m43">com.focus.testcases.FooterValuesAndBarcodeValidationTest#checkPrintBarcodePopupFields</h3><table class="result"><tr><th>Messages</th></tr><tr><td><div class="messages">Completed executing following method : FooterValuesAndBarcodeValidationTest.checkPrintBarcodePopupFields<br/>Test Method resides in com.focus.testcases.FooterValuesAndBarcodeValidationTest<br/>Test Status: Pass<br/>About to begin executing following method : BaseEngine.afterMethodExecution</div></td></tr></table><p class="totop"><a href="#summary">back to summary</a></p><h3 id="m44">com.focus.testcases.FooterValuesAndBarcodeValidationTest#checkPrintBarcodePrintingWithManualQuantityPick</h3><table class="result"><tr><th>Messages</th></tr><tr><td><div class="messages">Completed executing following method : FooterValuesAndBarcodeValidationTest.checkPrintBarcodePrintingWithManualQuantityPick<br/>Test Method resides in com.focus.testcases.FooterValuesAndBarcodeValidationTest<br/>Test Status: Pass<br/>About to begin executing following method : BaseEngine.afterMethodExecution</div></td></tr></table><p class="totop"><a href="#summary">back to summary</a></p><h3 id="m45">com.focus.testcases.FooterValuesAndBarcodeValidationTest#checkPrintOptionInUserLevel</h3><table class="result"><tr><th>Messages</th></tr><tr><td><div class="messages">Completed executing following method : FooterValuesAndBarcodeValidationTest.checkPrintOptionInUserLevel<br/>Test Method resides in com.focus.testcases.FooterValuesAndBarcodeValidationTest<br/>Test Status: Pass<br/>About to begin executing following method : BaseEngine.afterMethodExecution</div></td></tr></table><p class="totop"><a href="#summary">back to summary</a></p><h3 id="m46">com.focus.testcases.FooterValuesAndBarcodeValidationTest#checkPurchaseVarianceInPostingDeatilsByGivingExactStandardRate</h3><table class="result"><tr><th>Messages</th></tr><tr><td><div class="messages">Completed executing following method : FooterValuesAndBarcodeValidationTest.checkPurchaseVarianceInPostingDeatilsByGivingExactStandardRate<br/>Test Method resides in com.focus.testcases.FooterValuesAndBarcodeValidationTest<br/>Test Status: Pass<br/>About to begin executing following method : BaseEngine.afterMethodExecution</div></td></tr></table><p class="totop"><a href="#summary">back to summary</a></p><h3 id="m47">com.focus.testcases.FooterValuesAndBarcodeValidationTest#checkPurchaseVarianceInPostingDetailsForSTDItem</h3><table class="result"><tr><th>Messages</th></tr><tr><td><div class="messages">Completed executing following method : FooterValuesAndBarcodeValidationTest.checkPurchaseVarianceInPostingDetailsForSTDItem<br/>Test Method resides in com.focus.testcases.FooterValuesAndBarcodeValidationTest<br/>Test Status: Pass<br/>About to begin executing following method : BaseEngine.afterMethodExecution</div></td></tr></table><p class="totop"><a href="#summary">back to summary</a></p><h3 id="m48">com.focus.testcases.FooterValuesAndBarcodeValidationTest#checkPurchaseVoucherVATVisibilityInPurchasesMenuInUserLevel</h3><table class="result"><tr><th>Messages</th></tr><tr><td><div class="messages">Completed executing following method : FooterValuesAndBarcodeValidationTest.checkPurchaseVoucherVATVisibilityInPurchasesMenuInUserLevel<br/>Test Method resides in com.focus.testcases.FooterValuesAndBarcodeValidationTest<br/>Test Status: Pass<br/>About to begin executing following method : BaseEngine.afterMethodExecution</div></td></tr></table><p class="totop"><a href="#summary">back to summary</a></p><h3 id="m49">com.focus.testcases.FooterValuesAndBarcodeValidationTest#checkSaveAccountAfterAccessingRights</h3><table class="result"><tr><th>Messages</th></tr><tr><td><div class="messages">Completed executing following method : FooterValuesAndBarcodeValidationTest.checkSaveAccountAfterAccessingRights<br/>Test Method resides in com.focus.testcases.FooterValuesAndBarcodeValidationTest<br/>Test Status: Pass<br/>About to begin executing following method : BaseEngine.afterMethodExecution</div></td></tr></table><p class="totop"><a href="#summary">back to summary</a></p><h3 id="m50">com.focus.testcases.FooterValuesAndBarcodeValidationTest#checkSaveBarcodeDefinitionWithAllInputs</h3><table class="result"><tr><th>Messages</th></tr><tr><td><div class="messages">Completed executing following method : FooterValuesAndBarcodeValidationTest.checkSaveBarcodeDefinitionWithAllInputs<br/>Test Method resides in com.focus.testcases.FooterValuesAndBarcodeValidationTest<br/>Test Status: Pass<br/>About to begin executing following method : BaseEngine.afterMethodExecution</div></td></tr></table><p class="totop"><a href="#summary">back to summary</a></p><h3 id="m51">com.focus.testcases.FooterValuesAndBarcodeValidationTest#checkSaveBarcodeDefinitionWithoutTemplateName</h3><table class="result"><tr><th>Messages</th></tr><tr><td><div class="messages">Completed executing following method : FooterValuesAndBarcodeValidationTest.checkSaveBarcodeDefinitionWithoutTemplateName<br/>Test Method resides in com.focus.testcases.FooterValuesAndBarcodeValidationTest<br/>Test Status: Pass<br/>About to begin executing following method : BaseEngine.afterMethodExecution</div></td></tr></table><p class="totop"><a href="#summary">back to summary</a></p><h3 id="m52">com.focus.testcases.FooterValuesAndBarcodeValidationTest#checkSaveBarcodeVoucherWithBatchItem</h3><table class="result"><tr><th>Messages</th></tr><tr><td><div class="messages">Completed executing following method : FooterValuesAndBarcodeValidationTest.checkSaveBarcodeVoucherWithBatchItem<br/>Test Method resides in com.focus.testcases.FooterValuesAndBarcodeValidationTest<br/>Test Status: Pass<br/>About to begin executing following method : BaseEngine.afterMethodExecution</div></td></tr></table><p class="totop"><a href="#summary">back to summary</a></p><h3 id="m53">com.focus.testcases.FooterValuesAndBarcodeValidationTest#checkSaveExcessInStocksInUserLevel</h3><table class="result"><tr><th>Messages</th></tr><tr><td><div class="messages">Completed executing following method : FooterValuesAndBarcodeValidationTest.checkSaveExcessInStocksInUserLevel<br/>Test Method resides in com.focus.testcases.FooterValuesAndBarcodeValidationTest<br/>Test Status: Pass<br/>About to begin executing following method : BaseEngine.afterMethodExecution</div></td></tr></table><p class="totop"><a href="#summary">back to summary</a></p><h3 id="m54">com.focus.testcases.FooterValuesAndBarcodeValidationTest#checkSaveExcessInStocksVoucher</h3><table class="result"><tr><th>Messages</th></tr><tr><td><div class="messages">Completed executing following method : FooterValuesAndBarcodeValidationTest.checkSaveExcessInStocksVoucher<br/>Test Method resides in com.focus.testcases.FooterValuesAndBarcodeValidationTest<br/>Test Status: Pass<br/>About to begin executing following method : BaseEngine.afterMethodExecution</div></td></tr></table><p class="totop"><a href="#summary">back to summary</a></p><h3 id="m55">com.focus.testcases.FooterValuesAndBarcodeValidationTest#checkSavePrintLayoutAndPrintOptionInOutputOptions</h3><table class="result"><tr><th>Messages</th></tr><tr><td><div class="messages">Completed executing following method : FooterValuesAndBarcodeValidationTest.checkSavePrintLayoutAndPrintOptionInOutputOptions<br/>Test Method resides in com.focus.testcases.FooterValuesAndBarcodeValidationTest<br/>Test Status: Pass<br/>About to begin executing following method : BaseEngine.afterMethodExecution</div></td></tr></table><p class="totop"><a href="#summary">back to summary</a></p><h3 id="m56">com.focus.testcases.FooterValuesAndBarcodeValidationTest#checkSavePurchaseVoucherVAT</h3><table class="result"><tr><th>Messages</th></tr><tr><td><div class="messages">Completed executing following method : FooterValuesAndBarcodeValidationTest.checkSavePurchaseVoucherVAT<br/>Test Method resides in com.focus.testcases.FooterValuesAndBarcodeValidationTest<br/>Test Status: Pass<br/>About to begin executing following method : BaseEngine.afterMethodExecution</div></td></tr></table><p class="totop"><a href="#summary">back to summary</a></p><h3 id="m57">com.focus.testcases.FooterValuesAndBarcodeValidationTest#checkSaveRoleWithCreatedProfileForRestrictions</h3><table class="result"><tr><th>Messages</th></tr><tr><td><div class="messages">Completed executing following method : FooterValuesAndBarcodeValidationTest.checkSaveRoleWithCreatedProfileForRestrictions<br/>Test Method resides in com.focus.testcases.FooterValuesAndBarcodeValidationTest<br/>Test Status: Pass<br/>About to begin executing following method : BaseEngine.afterMethodExecution</div></td></tr></table><p class="totop"><a href="#summary">back to summary</a></p><h3 id="m58">com.focus.testcases.FooterValuesAndBarcodeValidationTest#checkSaveSalesInvoiceNewVoucherWithDecimalValueRates</h3><table class="result"><tr><th>Messages</th></tr><tr><td><div class="messages">Completed executing following method : FooterValuesAndBarcodeValidationTest.checkSaveSalesInvoiceNewVoucherWithDecimalValueRates<br/>Test Method resides in com.focus.testcases.FooterValuesAndBarcodeValidationTest<br/>Test Status: Pass<br/>About to begin executing following method : BaseEngine.afterMethodExecution</div></td></tr></table><p class="totop"><a href="#summary">back to summary</a></p><h3 id="m59">com.focus.testcases.FooterValuesAndBarcodeValidationTest#checkSavedProfileWithUnselectedRestrictions</h3><table class="result"><tr><th>Messages</th></tr><tr><td><div class="messages">Completed executing following method : FooterValuesAndBarcodeValidationTest.checkSavedProfileWithUnselectedRestrictions<br/>Test Method resides in com.focus.testcases.FooterValuesAndBarcodeValidationTest<br/>Test Status: Pass<br/>About to begin executing following method : BaseEngine.afterMethodExecution</div></td></tr></table><p class="totop"><a href="#summary">back to summary</a></p><h3 id="m60">com.focus.testcases.FooterValuesAndBarcodeValidationTest#checkSavedPurchaseVoucherVATForCopyPastePostingDetailsSettingsDeleteDoc</h3><table class="result"><tr><th>Messages</th></tr><tr><td><div class="messages">Completed executing following method : FooterValuesAndBarcodeValidationTest.checkSavedPurchaseVoucherVATForCopyPastePostingDetailsSettingsDeleteDoc<br/>Test Method resides in com.focus.testcases.FooterValuesAndBarcodeValidationTest<br/>Test Status: Pass<br/>About to begin executing following method : BaseEngine.afterMethodExecution</div></td></tr></table><p class="totop"><a href="#summary">back to summary</a></p><h3 id="m61">com.focus.testcases.FooterValuesAndBarcodeValidationTest#checkSavingSalesInvoiceNewVoucherWithRow1InBodyGrid</h3><table class="result"><tr><th>Messages</th></tr><tr><td><div class="messages">Completed executing following method : FooterValuesAndBarcodeValidationTest.checkSavingSalesInvoiceNewVoucherWithRow1InBodyGrid<br/>Test Method resides in com.focus.testcases.FooterValuesAndBarcodeValidationTest<br/>Test Status: Pass<br/>About to begin executing following method : BaseEngine.afterMethodExecution</div></td></tr></table><p class="totop"><a href="#summary">back to summary</a></p><h3 id="m62">com.focus.testcases.FooterValuesAndBarcodeValidationTest#checkSettingsBtnDeleteBtnnUserLevel</h3><table class="result"><tr><th>Messages</th></tr><tr><td><div class="messages">Completed executing following method : FooterValuesAndBarcodeValidationTest.checkSettingsBtnDeleteBtnnUserLevel<br/>Test Method resides in com.focus.testcases.FooterValuesAndBarcodeValidationTest<br/>Test Status: Pass<br/>About to begin executing following method : BaseEngine.afterMethodExecution</div></td></tr></table><p class="totop"><a href="#summary">back to summary</a></p><h3 id="m63">com.focus.testcases.FooterValuesAndBarcodeValidationTest#checkStockLedgerAfterAccessingRights</h3><table class="result"><tr><th>Messages</th></tr><tr><td><div class="messages">Completed executing following method : FooterValuesAndBarcodeValidationTest.checkStockLedgerAfterAccessingRights<br/>Test Method resides in com.focus.testcases.FooterValuesAndBarcodeValidationTest<br/>Test Status: Pass<br/>About to begin executing following method : BaseEngine.afterMethodExecution</div></td></tr></table><p class="totop"><a href="#summary">back to summary</a></p><h3 id="m64">com.focus.testcases.FooterValuesAndBarcodeValidationTest#checkStockLedgerVisibilityInReports</h3><table class="result"><tr><th>Messages</th></tr><tr><td><div class="messages">Completed executing following method : FooterValuesAndBarcodeValidationTest.checkStockLedgerVisibilityInReports<br/>Test Method resides in com.focus.testcases.FooterValuesAndBarcodeValidationTest<br/>Test Status: Pass<br/>About to begin executing following method : BaseEngine.afterMethodExecution</div></td></tr></table><p class="totop"><a href="#summary">back to summary</a></p><h3 id="m65">com.focus.testcases.FooterValuesAndBarcodeValidationTest#checkToolsOptionsAccountsMenu</h3><table class="result"><tr><th>Messages</th></tr><tr><td><div class="messages">Completed executing following method : FooterValuesAndBarcodeValidationTest.checkToolsOptionsAccountsMenu<br/>Test Method resides in com.focus.testcases.FooterValuesAndBarcodeValidationTest<br/>Test Status: Pass<br/>About to begin executing following method : BaseEngine.afterMethodExecution</div></td></tr></table><p class="totop"><a href="#summary">back to summary</a></p><h3 id="m66">com.focus.testcases.FooterValuesAndBarcodeValidationTest#checkUserCreationForCreatedRoleForRestrictions</h3><table class="result"><tr><th>Messages</th></tr><tr><td><div class="messages">Completed executing following method : FooterValuesAndBarcodeValidationTest.checkUserCreationForCreatedRoleForRestrictions<br/>Test Method resides in com.focus.testcases.FooterValuesAndBarcodeValidationTest<br/>Test Status: Pass<br/>About to begin executing following method : BaseEngine.afterMethodExecution</div></td></tr></table><p class="totop"><a href="#summary">back to summary</a></p><h3 id="m67">com.focus.testcases.FooterValuesAndBarcodeValidationTest#checkValidateAccountAccessInUserLevel</h3><table class="result"><tr><th>Messages</th></tr><tr><td><div class="messages">Completed executing following method : FooterValuesAndBarcodeValidationTest.checkValidateAccountAccessInUserLevel<br/>Test Method resides in com.focus.testcases.FooterValuesAndBarcodeValidationTest<br/>Test Status: Pass<br/>About to begin executing following method : BaseEngine.afterMethodExecution</div></td></tr></table><p class="totop"><a href="#summary">back to summary</a></p><h3 id="m68">com.focus.testcases.FooterValuesAndBarcodeValidationTest#checkValidateAccountVisibilityInUserLevel</h3><table class="result"><tr><th>Messages</th></tr><tr><td><div class="messages">Completed executing following method : FooterValuesAndBarcodeValidationTest.checkValidateAccountVisibilityInUserLevel<br/>Test Method resides in com.focus.testcases.FooterValuesAndBarcodeValidationTest<br/>Test Status: Pass<br/>About to begin executing following method : BaseEngine.afterMethodExecution</div></td></tr></table><p class="totop"><a href="#summary">back to summary</a></p><h3 id="m69">com.focus.testcases.FooterValuesAndBarcodeValidationTest#checkValidateEnabledRightsInProfileInUserLevel</h3><table class="result"><tr><th>Messages</th></tr><tr><td><div class="messages">Completed executing following method : FooterValuesAndBarcodeValidationTest.checkValidateEnabledRightsInProfileInUserLevel<br/>Test Method resides in com.focus.testcases.FooterValuesAndBarcodeValidationTest<br/>Test Status: Pass<br/>About to begin executing following method : BaseEngine.afterMethodExecution</div></td></tr></table><p class="totop"><a href="#summary">back to summary</a></p><h3 id="m70">com.focus.testcases.FooterValuesAndBarcodeValidationTest#checkValidateStockLedgerReportRestrictionInUserLevel</h3><table class="result"><tr><th>Messages</th></tr><tr><td><div class="messages">Completed executing following method : FooterValuesAndBarcodeValidationTest.checkValidateStockLedgerReportRestrictionInUserLevel<br/>Test Method resides in com.focus.testcases.FooterValuesAndBarcodeValidationTest<br/>Test Status: Pass<br/>About to begin executing following method : BaseEngine.afterMethodExecution</div></td></tr></table><p class="totop"><a href="#summary">back to summary</a></p><h3 id="m71">com.focus.testcases.FooterValuesAndBarcodeValidationTest#checkVoucherSavedBySUIsVisibleInTestUser</h3><table class="result"><tr><th>Messages</th></tr><tr><td><div class="messages">Completed executing following method : FooterValuesAndBarcodeValidationTest.checkVoucherSavedBySUIsVisibleInTestUser<br/>Test Method resides in com.focus.testcases.FooterValuesAndBarcodeValidationTest<br/>Test Status: Pass<br/>About to begin executing following method : BaseEngine.afterMethodExecution</div></td></tr></table><p class="totop"><a href="#summary">back to summary</a></p><h3 id="m72">com.focus.testcases.FooterValuesAndBarcodeValidationTest#checklogout</h3><table class="result"><tr><th>Messages</th></tr><tr><td><div class="messages">Completed executing following method : FooterValuesAndBarcodeValidationTest.checklogout<br/>Test Method resides in com.focus.testcases.FooterValuesAndBarcodeValidationTest<br/>Test Status: Pass<br/>About to begin executing following method : BaseEngine.afterMethodExecution</div></td></tr></table><p class="totop"><a href="#summary">back to summary</a></p><h3 id="m73">com.focus.testcases.FooterValuesAndBarcodeValidationTest#checksaveDefinitionWithoutSelectingFields</h3><table class="result"><tr><th>Messages</th></tr><tr><td><div class="messages">Completed executing following method : FooterValuesAndBarcodeValidationTest.checksaveDefinitionWithoutSelectingFields<br/>Test Method resides in com.focus.testcases.FooterValuesAndBarcodeValidationTest<br/>Test Status: Pass<br/>About to begin executing following method : BaseEngine.afterMethodExecution</div></td></tr></table><p class="totop"><a href="#summary">back to summary</a></p><h3 id="m74">com.focus.testcases.URLBrowserTest#checkLoginPageTitleByURLInputInBrowser</h3><table class="result"><tr><th>Messages</th></tr><tr><td><div class="messages">Completed executing following method : URLBrowserTest.checkLoginPageTitleByURLInputInBrowser<br/>Test Method resides in com.focus.testcases.URLBrowserTest<br/>Test Status: Pass<br/>About to begin executing following method : BaseEngine.afterMethodExecution</div></td></tr></table><p class="totop"><a href="#summary">back to summary</a></p><h3 id="m75">com.focus.testcases.URLBrowserTest#verifyBrowserOpen</h3><table class="result"><tr><th>Messages</th></tr><tr><td><div class="messages">Completed executing following method : URLBrowserTest.verifyBrowserOpen<br/>Test Method resides in com.focus.testcases.URLBrowserTest<br/>Test Status: Pass<br/>About to begin executing following method : BaseEngine.afterMethodExecution</div></td></tr></table><p class="totop"><a href="#summary">back to summary</a></p></body></html>