<?xml version="1.0" encoding="UTF-8"?>
<!-- Generated by org.testng.reporters.JUnitReportReporter -->
<testsuite hostname="FOCUS-QA-118" name="com.focus.testcases.ProductCodeIncrementalTest" tests="11" failures="1" timestamp="30 Dec 2022 21:10:33 GMT" time="592.722" errors="0">
  <testcase name="checkSaveCopyFromParentAndIncrementalForGroupProducts" time="56.313" classname="com.focus.testcases.ProductCodeIncrementalTest"/>
  <testcase name="checkSaveGroupItemsAndNestedGroupItemsAndVerfifyCode" time="187.478" classname="com.focus.testcases.ProductCodeIncrementalTest"/>
  <testcase name="checkSaveNormalIncrementInItemCode" time="50.108" classname="com.focus.testcases.ProductCodeIncrementalTest"/>
  <testcase name="checkLogoutAndLoginAfterCustomization" time="29.293" classname="com.focus.testcases.ProductCodeIncrementalTest"/>
  <testcase name="checkSavedProductMastersWithIncrement" time="13.737" classname="com.focus.testcases.ProductCodeIncrementalTest"/>
  <testcase name="checkSaveNormalItemInLevelOne" time="34.432" classname="com.focus.testcases.ProductCodeIncrementalTest"/>
  <testcase name="checkRemoveIncrementalForCode" time="36.231" classname="com.focus.testcases.ProductCodeIncrementalTest"/>
  <testcase name="checkSaveProductMasterAndVerifyIncrementalPropery" time="90.391" classname="com.focus.testcases.ProductCodeIncrementalTest">
    <failure type="java.lang.AssertionError" message="expected [true] but found [false]">
      <![CDATA[java.lang.AssertionError: expected [true] but found [false]
	at org.testng.Assert.fail(Assert.java:94)
	at org.testng.Assert.failNotEquals(Assert.java:513)
	at org.testng.Assert.assertEqualsImpl(Assert.java:135)
	at org.testng.Assert.assertEquals(Assert.java:116)
	at org.testng.Assert.assertEquals(Assert.java:305)
	at org.testng.Assert.assertEquals(Assert.java:315)
	at com.focus.testcases.ProductCodeIncrementalTest.checkSaveProductMasterAndVerifyIncrementalPropery(ProductCodeIncrementalTest.java:39)
	at sun.reflect.NativeMethodAccessorImpl.invoke0(Native Method)
	at sun.reflect.NativeMethodAccessorImpl.invoke(Unknown Source)
	at sun.reflect.DelegatingMethodAccessorImpl.invoke(Unknown Source)
	at java.lang.reflect.Method.invoke(Unknown Source)
	at org.testng.internal.MethodInvocationHelper.invokeMethod(MethodInvocationHelper.java:86)
	at org.testng.internal.Invoker.invokeMethod(Invoker.java:643)
	at org.testng.internal.Invoker.invokeTestMethod(Invoker.java:820)
	at org.testng.internal.Invoker.invokeTestMethods(Invoker.java:1128)
	at org.testng.internal.TestMethodWorker.invokeTestMethods(TestMethodWorker.java:129)
	at org.testng.internal.TestMethodWorker.run(TestMethodWorker.java:112)
	at org.testng.TestRunner.privateRun(TestRunner.java:782)
	at org.testng.TestRunner.run(TestRunner.java:632)
	at org.testng.SuiteRunner.runTest(SuiteRunner.java:366)
	at org.testng.SuiteRunner.runSequentially(SuiteRunner.java:361)
	at org.testng.SuiteRunner.privateRun(SuiteRunner.java:319)
	at org.testng.SuiteRunner.run(SuiteRunner.java:268)
	at org.testng.SuiteRunnerWorker.runSuite(SuiteRunnerWorker.java:52)
	at org.testng.SuiteRunnerWorker.run(SuiteRunnerWorker.java:86)
	at org.testng.TestNG.runSuitesSequentially(TestNG.java:1244)
	at org.testng.TestNG.runSuitesLocally(TestNG.java:1169)
	at org.testng.TestNG.run(TestNG.java:1064)
	at org.testng.remote.AbstractRemoteTestNG.run(AbstractRemoteTestNG.java:114)
	at org.testng.remote.RemoteTestNG.initAndRun(RemoteTestNG.java:251)
	at org.testng.remote.RemoteTestNG.main(RemoteTestNG.java:77)
]]>
    </failure>
  </testcase> <!-- checkSaveProductMasterAndVerifyIncrementalPropery -->
  <testcase name="checkLogoutAndLoginAfterCustomization3" time="28.434" classname="com.focus.testcases.ProductCodeIncrementalTest"/>
  <testcase name="checkSaveNormalItemInLevelFour" time="37.908" classname="com.focus.testcases.ProductCodeIncrementalTest"/>
  <testcase name="checkLogoutAndLoginAfterCustomization2" time="28.397" classname="com.focus.testcases.ProductCodeIncrementalTest"/>
</testsuite> <!-- com.focus.testcases.ProductCodeIncrementalTest -->
