<?xml version="1.0" encoding="UTF-8"?>
<!-- Generated by org.testng.reporters.JUnitReportReporter -->
<testsuite hostname="FOCUS-QA-118" name="com.focus.testcases.FooterValuesAndBarcodeValidationTest" tests="74" failures="4" timestamp="4 Jan 2023 05:32:55 GMT" time="3309.556" errors="3">
  <testcase name="checkEditingSavedSalesNewVoucherWithIgstValueDeduction" time="206.040" classname="com.focus.testcases.FooterValuesAndBarcodeValidationTest"/>
  <testcase name="checkEnableRestOfTheRightsInStockLedger" time="43.282" classname="com.focus.testcases.FooterValuesAndBarcodeValidationTest"/>
  <testcase name="checkCreateNewMRNVoucher" time="39.771" classname="com.focus.testcases.FooterValuesAndBarcodeValidationTest"/>
  <testcase name="checkEnableAllAccessightsInAccountForTestRestrictionProfile" time="33.260" classname="com.focus.testcases.FooterValuesAndBarcodeValidationTest"/>
  <testcase name="checkAnalyzeStockLedgerInUserLevel" time="64.940" classname="com.focus.testcases.FooterValuesAndBarcodeValidationTest"/>
  <testcase name="checkGiveAccessandShowHomePageAccessToAccountInTestRestrictionProfile" time="52.426" classname="com.focus.testcases.FooterValuesAndBarcodeValidationTest"/>
  <testcase name="checkSavePrintLayoutAndPrintOptionInOutputOptions" time="150.285" classname="com.focus.testcases.FooterValuesAndBarcodeValidationTest"/>
  <testcase name="checklogout" time="8.561" classname="com.focus.testcases.FooterValuesAndBarcodeValidationTest"/>
  <testcase name="checkUserCreationForCreatedRoleForRestrictions" time="12.938" classname="com.focus.testcases.FooterValuesAndBarcodeValidationTest"/>
  <testcase name="checkEnableRestOfTheAccessRightInPvVAT" time="55.280" classname="com.focus.testcases.FooterValuesAndBarcodeValidationTest"/>
  <testcase name="checkMenuSelectedInProfileAreReflectingInUserLevel" time="2.301" classname="com.focus.testcases.FooterValuesAndBarcodeValidationTest"/>
  <testcase name="checkSaveExcessInStocksVoucher" time="51.406" classname="com.focus.testcases.FooterValuesAndBarcodeValidationTest"/>
  <testcase name="checkToolsOptionsAccountsMenu" time="4.792" classname="com.focus.testcases.FooterValuesAndBarcodeValidationTest"/>
  <testcase name="checkGiveAccessandShowHomePageAccessToStockLedgerInUserLevel" time="55.652" classname="com.focus.testcases.FooterValuesAndBarcodeValidationTest"/>
  <testcase name="checkFieldPostToAccountInPurchaseVouchers" time="43.794" classname="com.focus.testcases.FooterValuesAndBarcodeValidationTest"/>
  <testcase name="checkValidateAccountAccessInUserLevel" time="82.191" classname="com.focus.testcases.FooterValuesAndBarcodeValidationTest"/>
  <testcase name="checkPrintOptionInUserLevel" time="19.896" classname="com.focus.testcases.FooterValuesAndBarcodeValidationTest"/>
  <testcase name="checkPrintBarcodePrintingWithItemSelection" time="29.227" classname="com.focus.testcases.FooterValuesAndBarcodeValidationTest">
    <failure type="java.lang.AssertionError" message="expected [true] but found [false]">
      <![CDATA[java.lang.AssertionError: expected [true] but found [false]
	at org.testng.Assert.fail(Assert.java:94)
	at org.testng.Assert.failNotEquals(Assert.java:513)
	at org.testng.Assert.assertEqualsImpl(Assert.java:135)
	at org.testng.Assert.assertEquals(Assert.java:116)
	at org.testng.Assert.assertEquals(Assert.java:305)
	at org.testng.Assert.assertEquals(Assert.java:315)
	at com.focus.testcases.FooterValuesAndBarcodeValidationTest.checkPrintBarcodePrintingWithItemSelection(FooterValuesAndBarcodeValidationTest.java:187)
	at sun.reflect.NativeMethodAccessorImpl.invoke0(Native Method)
	at sun.reflect.NativeMethodAccessorImpl.invoke(Unknown Source)
	at sun.reflect.DelegatingMethodAccessorImpl.invoke(Unknown Source)
	at java.lang.reflect.Method.invoke(Unknown Source)
	at org.testng.internal.MethodInvocationHelper.invokeMethod(MethodInvocationHelper.java:86)
	at org.testng.internal.Invoker.invokeMethod(Invoker.java:643)
	at org.testng.internal.Invoker.invokeTestMethod(Invoker.java:820)
	at org.testng.internal.Invoker.invokeTestMethods(Invoker.java:1128)
	at org.testng.internal.TestMethodWorker.invokeTestMethods(TestMethodWorker.java:129)
	at org.testng.internal.TestMethodWorker.run(TestMethodWorker.java:112)
	at org.testng.TestRunner.privateRun(TestRunner.java:782)
	at org.testng.TestRunner.run(TestRunner.java:632)
	at org.testng.SuiteRunner.runTest(SuiteRunner.java:366)
	at org.testng.SuiteRunner.runSequentially(SuiteRunner.java:361)
	at org.testng.SuiteRunner.privateRun(SuiteRunner.java:319)
	at org.testng.SuiteRunner.run(SuiteRunner.java:268)
	at org.testng.SuiteRunnerWorker.runSuite(SuiteRunnerWorker.java:52)
	at org.testng.SuiteRunnerWorker.run(SuiteRunnerWorker.java:86)
	at org.testng.TestNG.runSuitesSequentially(TestNG.java:1244)
	at org.testng.TestNG.runSuitesLocally(TestNG.java:1169)
	at org.testng.TestNG.run(TestNG.java:1064)
	at org.testng.remote.AbstractRemoteTestNG.run(AbstractRemoteTestNG.java:114)
	at org.testng.remote.RemoteTestNG.initAndRun(RemoteTestNG.java:251)
	at org.testng.remote.RemoteTestNG.main(RemoteTestNG.java:77)
]]>
    </failure>
  </testcase> <!-- checkPrintBarcodePrintingWithItemSelection -->
  <testcase name="checkPurchaseVarianceInPostingDeatilsByGivingExactStandardRate" time="68.598" classname="com.focus.testcases.FooterValuesAndBarcodeValidationTest"/>
  <testcase name="checkSaveAccountAfterAccessingRights" time="10.318" classname="com.focus.testcases.FooterValuesAndBarcodeValidationTest"/>
  <testcase name="checkValidateAccountVisibilityInUserLevel" time="2.679" classname="com.focus.testcases.FooterValuesAndBarcodeValidationTest"/>
  <testcase name="checkLogoutAndLoginWithSUForAccessRightsInPVVAT" time="26.094" classname="com.focus.testcases.FooterValuesAndBarcodeValidationTest"/>
  <testcase name="checkValidateStockLedgerReportRestrictionInUserLevel" time="6.497" classname="com.focus.testcases.FooterValuesAndBarcodeValidationTest"/>
  <testcase name="checkLogoutAndLoginWithSUForUserCreation" time="24.716" classname="com.focus.testcases.FooterValuesAndBarcodeValidationTest"/>
  <testcase name="checkSaveBarcodeDefinitionWithoutTemplateName" time="2.726" classname="com.focus.testcases.FooterValuesAndBarcodeValidationTest"/>
  <testcase name="checkVoucherSavedBySUIsVisibleInTestUser" time="9.675" classname="com.focus.testcases.FooterValuesAndBarcodeValidationTest"/>
  <testcase name="checkPrintInExcessStocksInUserLevel" time="34.652" classname="com.focus.testcases.FooterValuesAndBarcodeValidationTest">
    <error type="java.lang.IndexOutOfBoundsException" message="Index: 2, Size: 2">
      <![CDATA[java.lang.IndexOutOfBoundsException: Index: 2, Size: 2
	at java.util.ArrayList.rangeCheck(Unknown Source)
	at java.util.ArrayList.get(Unknown Source)
	at com.focus.Pages.VoucherPrintOptionsPage.checkPrintInExcessStocksInUserLevel(VoucherPrintOptionsPage.java:41855)
	at com.focus.testcases.FooterValuesAndBarcodeValidationTest.checkPrintInExcessStocksInUserLevel(FooterValuesAndBarcodeValidationTest.java:562)
	at sun.reflect.NativeMethodAccessorImpl.invoke0(Native Method)
	at sun.reflect.NativeMethodAccessorImpl.invoke(Unknown Source)
	at sun.reflect.DelegatingMethodAccessorImpl.invoke(Unknown Source)
	at java.lang.reflect.Method.invoke(Unknown Source)
	at org.testng.internal.MethodInvocationHelper.invokeMethod(MethodInvocationHelper.java:86)
	at org.testng.internal.Invoker.invokeMethod(Invoker.java:643)
	at org.testng.internal.Invoker.invokeTestMethod(Invoker.java:820)
	at org.testng.internal.Invoker.invokeTestMethods(Invoker.java:1128)
	at org.testng.internal.TestMethodWorker.invokeTestMethods(TestMethodWorker.java:129)
	at org.testng.internal.TestMethodWorker.run(TestMethodWorker.java:112)
	at org.testng.TestRunner.privateRun(TestRunner.java:782)
	at org.testng.TestRunner.run(TestRunner.java:632)
	at org.testng.SuiteRunner.runTest(SuiteRunner.java:366)
	at org.testng.SuiteRunner.runSequentially(SuiteRunner.java:361)
	at org.testng.SuiteRunner.privateRun(SuiteRunner.java:319)
	at org.testng.SuiteRunner.run(SuiteRunner.java:268)
	at org.testng.SuiteRunnerWorker.runSuite(SuiteRunnerWorker.java:52)
	at org.testng.SuiteRunnerWorker.run(SuiteRunnerWorker.java:86)
	at org.testng.TestNG.runSuitesSequentially(TestNG.java:1244)
	at org.testng.TestNG.runSuitesLocally(TestNG.java:1169)
	at org.testng.TestNG.run(TestNG.java:1064)
	at org.testng.remote.AbstractRemoteTestNG.run(AbstractRemoteTestNG.java:114)
	at org.testng.remote.RemoteTestNG.initAndRun(RemoteTestNG.java:251)
	at org.testng.remote.RemoteTestNG.main(RemoteTestNG.java:77)
]]>
    </error>
  </testcase> <!-- checkPrintInExcessStocksInUserLevel -->
  <testcase name="checkLogin" time="13.833" classname="com.focus.testcases.FooterValuesAndBarcodeValidationTest"/>
  <testcase name="checkLogoutAndLogoutWithCrestedUser" time="21.890" classname="com.focus.testcases.FooterValuesAndBarcodeValidationTest"/>
  <testcase name="checkSavePurchaseVoucherVAT" time="61.820" classname="com.focus.testcases.FooterValuesAndBarcodeValidationTest"/>
  <testcase name="checkSaveRoleWithCreatedProfileForRestrictions" time="14.646" classname="com.focus.testcases.FooterValuesAndBarcodeValidationTest"/>
  <testcase name="checkSaveSalesInvoiceNewVoucherWithDecimalValueRates" time="202.602" classname="com.focus.testcases.FooterValuesAndBarcodeValidationTest"/>
  <testcase name="checkLogoutAndLoginWithTestUser" time="21.929" classname="com.focus.testcases.FooterValuesAndBarcodeValidationTest"/>
  <testcase name="checkSaveBarcodeVoucherWithBatchItem" time="114.477" classname="com.focus.testcases.FooterValuesAndBarcodeValidationTest"/>
  <testcase name="checkLogoutAndLoginWithSU" time="23.161" classname="com.focus.testcases.FooterValuesAndBarcodeValidationTest"/>
  <testcase name="checkFilterOptionInStockLedger" time="21.992" classname="com.focus.testcases.FooterValuesAndBarcodeValidationTest"/>
  <testcase name="checkEditingSavedSalesNewVoucherByAddingRow2" time="129.040" classname="com.focus.testcases.FooterValuesAndBarcodeValidationTest"/>
  <testcase name="checkEnableStockLedgerAccessRightsForAccessingReports" time="38.587" classname="com.focus.testcases.FooterValuesAndBarcodeValidationTest"/>
  <testcase name="checkSaveBarcodeDefinitionWithAllInputs" time="83.718" classname="com.focus.testcases.FooterValuesAndBarcodeValidationTest"/>
  <testcase name="checkOtherToolsOptionsAccountsMenu" time="1.954" classname="com.focus.testcases.FooterValuesAndBarcodeValidationTest"/>
  <testcase name="checkLogoutAndLogoutWithCreatedUserForValidations" time="22.814" classname="com.focus.testcases.FooterValuesAndBarcodeValidationTest"/>
  <testcase name="checkStockLedgerAfterAccessingRights" time="13.362" classname="com.focus.testcases.FooterValuesAndBarcodeValidationTest"/>
  <testcase name="checkStockLedgerIconsInUserLevelandValidateAnalyzeReport" time="6.452" classname="com.focus.testcases.FooterValuesAndBarcodeValidationTest">
    <failure type="java.lang.AssertionError" message="expected [true] but found [false]">
      <![CDATA[java.lang.AssertionError: expected [true] but found [false]
	at org.testng.Assert.fail(Assert.java:94)
	at org.testng.Assert.failNotEquals(Assert.java:513)
	at org.testng.Assert.assertEqualsImpl(Assert.java:135)
	at org.testng.Assert.assertEquals(Assert.java:116)
	at org.testng.Assert.assertEquals(Assert.java:305)
	at org.testng.Assert.assertEquals(Assert.java:315)
	at com.focus.testcases.FooterValuesAndBarcodeValidationTest.checkStockLedgerIconsInUserLevelandValidateAnalyzeReport(FooterValuesAndBarcodeValidationTest.java:480)
	at sun.reflect.NativeMethodAccessorImpl.invoke0(Native Method)
	at sun.reflect.NativeMethodAccessorImpl.invoke(Unknown Source)
	at sun.reflect.DelegatingMethodAccessorImpl.invoke(Unknown Source)
	at java.lang.reflect.Method.invoke(Unknown Source)
	at org.testng.internal.MethodInvocationHelper.invokeMethod(MethodInvocationHelper.java:86)
	at org.testng.internal.Invoker.invokeMethod(Invoker.java:643)
	at org.testng.internal.Invoker.invokeTestMethod(Invoker.java:820)
	at org.testng.internal.Invoker.invokeTestMethods(Invoker.java:1128)
	at org.testng.internal.TestMethodWorker.invokeTestMethods(TestMethodWorker.java:129)
	at org.testng.internal.TestMethodWorker.run(TestMethodWorker.java:112)
	at org.testng.TestRunner.privateRun(TestRunner.java:782)
	at org.testng.TestRunner.run(TestRunner.java:632)
	at org.testng.SuiteRunner.runTest(SuiteRunner.java:366)
	at org.testng.SuiteRunner.runSequentially(SuiteRunner.java:361)
	at org.testng.SuiteRunner.privateRun(SuiteRunner.java:319)
	at org.testng.SuiteRunner.run(SuiteRunner.java:268)
	at org.testng.SuiteRunnerWorker.runSuite(SuiteRunnerWorker.java:52)
	at org.testng.SuiteRunnerWorker.run(SuiteRunnerWorker.java:86)
	at org.testng.TestNG.runSuitesSequentially(TestNG.java:1244)
	at org.testng.TestNG.runSuitesLocally(TestNG.java:1169)
	at org.testng.TestNG.run(TestNG.java:1064)
	at org.testng.remote.AbstractRemoteTestNG.run(AbstractRemoteTestNG.java:114)
	at org.testng.remote.RemoteTestNG.initAndRun(RemoteTestNG.java:251)
	at org.testng.remote.RemoteTestNG.main(RemoteTestNG.java:77)
]]>
    </failure>
  </testcase> <!-- checkStockLedgerIconsInUserLevelandValidateAnalyzeReport -->
  <testcase name="checkPrintFromExcessInStockVoucherTransaction" time="64.791" classname="com.focus.testcases.FooterValuesAndBarcodeValidationTest">
    <error type="java.io.FileNotFoundException" message="D:\Focus9AllProjectSuite\FocusAI\autoIt\ExportFiles\savingExcessInStocksPrint.pdf (The system cannot find the file specified)">
      <![CDATA[java.io.FileNotFoundException: D:\Focus9AllProjectSuite\FocusAI\autoIt\ExportFiles\savingExcessInStocksPrint.pdf (The system cannot find the file specified)
	at java.io.RandomAccessFile.open0(Native Method)
	at java.io.RandomAccessFile.open(Unknown Source)
	at java.io.RandomAccessFile.<init>(Unknown Source)
	at org.apache.pdfbox.io.RandomAccessBufferedFileInputStream.<init>(RandomAccessBufferedFileInputStream.java:99)
	at org.apache.pdfbox.pdmodel.PDDocument.load(PDDocument.java:1006)
	at org.apache.pdfbox.pdmodel.PDDocument.load(PDDocument.java:969)
	at org.apache.pdfbox.pdmodel.PDDocument.load(PDDocument.java:917)
	at com.testautomationguru.utility.PDFUtil.getPDFText(PDFUtil.java:239)
	at com.testautomationguru.utility.PDFUtil.comparepdfFilesWithTextMode(PDFUtil.java:323)
	at com.testautomationguru.utility.PDFUtil.comparePdfFiles(PDFUtil.java:316)
	at com.testautomationguru.utility.PDFUtil.compare(PDFUtil.java:278)
	at com.focus.Pages.VoucherPrintOptionsPage.checkPrintFromExcessInStockVoucherTransaction(VoucherPrintOptionsPage.java:41503)
	at com.focus.testcases.FooterValuesAndBarcodeValidationTest.checkPrintFromExcessInStockVoucherTransaction(FooterValuesAndBarcodeValidationTest.java:534)
	at sun.reflect.NativeMethodAccessorImpl.invoke0(Native Method)
	at sun.reflect.NativeMethodAccessorImpl.invoke(Unknown Source)
	at sun.reflect.DelegatingMethodAccessorImpl.invoke(Unknown Source)
	at java.lang.reflect.Method.invoke(Unknown Source)
	at org.testng.internal.MethodInvocationHelper.invokeMethod(MethodInvocationHelper.java:86)
	at org.testng.internal.Invoker.invokeMethod(Invoker.java:643)
	at org.testng.internal.Invoker.invokeTestMethod(Invoker.java:820)
	at org.testng.internal.Invoker.invokeTestMethods(Invoker.java:1128)
	at org.testng.internal.TestMethodWorker.invokeTestMethods(TestMethodWorker.java:129)
	at org.testng.internal.TestMethodWorker.run(TestMethodWorker.java:112)
	at org.testng.TestRunner.privateRun(TestRunner.java:782)
	at org.testng.TestRunner.run(TestRunner.java:632)
	at org.testng.SuiteRunner.runTest(SuiteRunner.java:366)
	at org.testng.SuiteRunner.runSequentially(SuiteRunner.java:361)
	at org.testng.SuiteRunner.privateRun(SuiteRunner.java:319)
	at org.testng.SuiteRunner.run(SuiteRunner.java:268)
	at org.testng.SuiteRunnerWorker.runSuite(SuiteRunnerWorker.java:52)
	at org.testng.SuiteRunnerWorker.run(SuiteRunnerWorker.java:86)
	at org.testng.TestNG.runSuitesSequentially(TestNG.java:1244)
	at org.testng.TestNG.runSuitesLocally(TestNG.java:1169)
	at org.testng.TestNG.run(TestNG.java:1064)
	at org.testng.remote.AbstractRemoteTestNG.run(AbstractRemoteTestNG.java:114)
	at org.testng.remote.RemoteTestNG.initAndRun(RemoteTestNG.java:251)
	at org.testng.remote.RemoteTestNG.main(RemoteTestNG.java:77)
]]>
    </error>
  </testcase> <!-- checkPrintFromExcessInStockVoucherTransaction -->
  <testcase name="checKValidatePurchaseVoucherVATRestrictionInUserLevel" time="10.658" classname="com.focus.testcases.FooterValuesAndBarcodeValidationTest"/>
  <testcase name="checkPrintBarcodeIntoPDFandValidatePDF" time="13.619" classname="com.focus.testcases.FooterValuesAndBarcodeValidationTest">
    <error type="java.lang.IndexOutOfBoundsException" message="Index: 1, Size: 1">
      <![CDATA[java.lang.IndexOutOfBoundsException: Index: 1, Size: 1
	at java.util.ArrayList.rangeCheck(Unknown Source)
	at java.util.ArrayList.get(Unknown Source)
	at com.focus.Pages.VoucherPrintOptionsPage.checkPrintBarcodeIntoPDFandValidatePDF(VoucherPrintOptionsPage.java:36300)
	at com.focus.testcases.FooterValuesAndBarcodeValidationTest.checkPrintBarcodeIntoPDFandValidatePDF(FooterValuesAndBarcodeValidationTest.java:173)
	at sun.reflect.NativeMethodAccessorImpl.invoke0(Native Method)
	at sun.reflect.NativeMethodAccessorImpl.invoke(Unknown Source)
	at sun.reflect.DelegatingMethodAccessorImpl.invoke(Unknown Source)
	at java.lang.reflect.Method.invoke(Unknown Source)
	at org.testng.internal.MethodInvocationHelper.invokeMethod(MethodInvocationHelper.java:86)
	at org.testng.internal.Invoker.invokeMethod(Invoker.java:643)
	at org.testng.internal.Invoker.invokeTestMethod(Invoker.java:820)
	at org.testng.internal.Invoker.invokeTestMethods(Invoker.java:1128)
	at org.testng.internal.TestMethodWorker.invokeTestMethods(TestMethodWorker.java:129)
	at org.testng.internal.TestMethodWorker.run(TestMethodWorker.java:112)
	at org.testng.TestRunner.privateRun(TestRunner.java:782)
	at org.testng.TestRunner.run(TestRunner.java:632)
	at org.testng.SuiteRunner.runTest(SuiteRunner.java:366)
	at org.testng.SuiteRunner.runSequentially(SuiteRunner.java:361)
	at org.testng.SuiteRunner.privateRun(SuiteRunner.java:319)
	at org.testng.SuiteRunner.run(SuiteRunner.java:268)
	at org.testng.SuiteRunnerWorker.runSuite(SuiteRunnerWorker.java:52)
	at org.testng.SuiteRunnerWorker.run(SuiteRunnerWorker.java:86)
	at org.testng.TestNG.runSuitesSequentially(TestNG.java:1244)
	at org.testng.TestNG.runSuitesLocally(TestNG.java:1169)
	at org.testng.TestNG.run(TestNG.java:1064)
	at org.testng.remote.AbstractRemoteTestNG.run(AbstractRemoteTestNG.java:114)
	at org.testng.remote.RemoteTestNG.initAndRun(RemoteTestNG.java:251)
	at org.testng.remote.RemoteTestNG.main(RemoteTestNG.java:77)
]]>
    </error>
  </testcase> <!-- checkPrintBarcodeIntoPDFandValidatePDF -->
  <testcase name="checkValidateEnabledRightsInProfileInUserLevel" time="34.885" classname="com.focus.testcases.FooterValuesAndBarcodeValidationTest"/>
  <testcase name="checkLogoutAndLoginWithSUForAccessRights" time="24.257" classname="com.focus.testcases.FooterValuesAndBarcodeValidationTest"/>
  <testcase name="checkSuspendVoucherandEditSuspendedVoucher" time="23.204" classname="com.focus.testcases.FooterValuesAndBarcodeValidationTest">
    <failure type="java.lang.AssertionError" message="expected [true] but found [false]">
      <![CDATA[java.lang.AssertionError: expected [true] but found [false]
	at org.testng.Assert.fail(Assert.java:94)
	at org.testng.Assert.failNotEquals(Assert.java:513)
	at org.testng.Assert.assertEqualsImpl(Assert.java:135)
	at org.testng.Assert.assertEquals(Assert.java:116)
	at org.testng.Assert.assertEquals(Assert.java:305)
	at org.testng.Assert.assertEquals(Assert.java:315)
	at com.focus.testcases.FooterValuesAndBarcodeValidationTest.checkSuspendVoucherandEditSuspendedVoucher(FooterValuesAndBarcodeValidationTest.java:458)
	at sun.reflect.NativeMethodAccessorImpl.invoke0(Native Method)
	at sun.reflect.NativeMethodAccessorImpl.invoke(Unknown Source)
	at sun.reflect.DelegatingMethodAccessorImpl.invoke(Unknown Source)
	at java.lang.reflect.Method.invoke(Unknown Source)
	at org.testng.internal.MethodInvocationHelper.invokeMethod(MethodInvocationHelper.java:86)
	at org.testng.internal.Invoker.invokeMethod(Invoker.java:643)
	at org.testng.internal.Invoker.invokeTestMethod(Invoker.java:820)
	at org.testng.internal.Invoker.invokeTestMethods(Invoker.java:1128)
	at org.testng.internal.TestMethodWorker.invokeTestMethods(TestMethodWorker.java:129)
	at org.testng.internal.TestMethodWorker.run(TestMethodWorker.java:112)
	at org.testng.TestRunner.privateRun(TestRunner.java:782)
	at org.testng.TestRunner.run(TestRunner.java:632)
	at org.testng.SuiteRunner.runTest(SuiteRunner.java:366)
	at org.testng.SuiteRunner.runSequentially(SuiteRunner.java:361)
	at org.testng.SuiteRunner.privateRun(SuiteRunner.java:319)
	at org.testng.SuiteRunner.run(SuiteRunner.java:268)
	at org.testng.SuiteRunnerWorker.runSuite(SuiteRunnerWorker.java:52)
	at org.testng.SuiteRunnerWorker.run(SuiteRunnerWorker.java:86)
	at org.testng.TestNG.runSuitesSequentially(TestNG.java:1244)
	at org.testng.TestNG.runSuitesLocally(TestNG.java:1169)
	at org.testng.TestNG.run(TestNG.java:1064)
	at org.testng.remote.AbstractRemoteTestNG.run(AbstractRemoteTestNG.java:114)
	at org.testng.remote.RemoteTestNG.initAndRun(RemoteTestNG.java:251)
	at org.testng.remote.RemoteTestNG.main(RemoteTestNG.java:77)
]]>
    </failure>
  </testcase> <!-- checkSuspendVoucherandEditSuspendedVoucher -->
  <testcase name="checkCreateLayoutForBarCode" time="197.153" classname="com.focus.testcases.FooterValuesAndBarcodeValidationTest"/>
  <testcase name="checkStockLedgerVisibilityInReports" time="1.272" classname="com.focus.testcases.FooterValuesAndBarcodeValidationTest"/>
  <testcase name="checkSavedPurchaseVoucherVATForCopyPastePostingDetailsSettingsDeleteDoc" time="13.791" classname="com.focus.testcases.FooterValuesAndBarcodeValidationTest"/>
  <testcase name="checkSavingSalesInvoiceNewVoucherWithRow1InBodyGrid" time="152.095" classname="com.focus.testcases.FooterValuesAndBarcodeValidationTest"/>
  <testcase name="checkSavedProfileWithUnselectedRestrictions" time="51.161" classname="com.focus.testcases.FooterValuesAndBarcodeValidationTest"/>
  <testcase name="checkPrintBarcodePopupFields" time="5.706" classname="com.focus.testcases.FooterValuesAndBarcodeValidationTest"/>
  <testcase name="checkAvailableOptionsBarCodeDefinition" time="19.927" classname="com.focus.testcases.FooterValuesAndBarcodeValidationTest"/>
  <testcase name="checkLogoutAndLogoutWithCrestedUserAfterGivingPermissionsForAccount" time="22.527" classname="com.focus.testcases.FooterValuesAndBarcodeValidationTest"/>
  <testcase name="checkLoadAnalysisReport" time="11.972" classname="com.focus.testcases.FooterValuesAndBarcodeValidationTest"/>
  <testcase name="checkDefinedStandardRateForSTDItem" time="22.561" classname="com.focus.testcases.FooterValuesAndBarcodeValidationTest"/>
  <testcase name="checkLogoutAndLogoutWithCrestedUserAfterGivingPermissionsForProfile" time="20.640" classname="com.focus.testcases.FooterValuesAndBarcodeValidationTest"/>
  <testcase name="checksaveDefinitionWithoutSelectingFields" time="3.046" classname="com.focus.testcases.FooterValuesAndBarcodeValidationTest"/>
  <testcase name="checkSettingsBtnDeleteBtnnUserLevel" time="17.142" classname="com.focus.testcases.FooterValuesAndBarcodeValidationTest"/>
  <testcase name="checkGiveAccessandShowHomePageAccessToPVVATInTestRestrictionProfile" time="67.833" classname="com.focus.testcases.FooterValuesAndBarcodeValidationTest"/>
  <testcase name="checkPurchaseVoucherVATVisibilityInPurchasesMenuInUserLevel" time="3.589" classname="com.focus.testcases.FooterValuesAndBarcodeValidationTest"/>
  <testcase name="checkChangeFieldPropertiesInBarcodeLayout" time="82.770" classname="com.focus.testcases.FooterValuesAndBarcodeValidationTest"/>
  <testcase name="checkBarcodeIsbeenScannedInDeliveryNotesVoucher" time="130.785" classname="com.focus.testcases.FooterValuesAndBarcodeValidationTest"/>
  <testcase name="checkEnablePurchaseVoucherVatAccessRightsForSavingVoucher" time="47.902" classname="com.focus.testcases.FooterValuesAndBarcodeValidationTest"/>
  <testcase name="CheckCreateUserInSU" time="16.651" classname="com.focus.testcases.FooterValuesAndBarcodeValidationTest"/>
  <testcase name="checkPurchaseVarianceInPostingDetailsForSTDItem" time="71.432" classname="com.focus.testcases.FooterValuesAndBarcodeValidationTest"/>
  <testcase name="checkCreateProfileWithHomeFinancialsReportRestrictions" time="48.788" classname="com.focus.testcases.FooterValuesAndBarcodeValidationTest"/>
  <testcase name="checkPrintBarcodePrintingWithManualQuantityPick" time="27.838" classname="com.focus.testcases.FooterValuesAndBarcodeValidationTest"/>
  <testcase name="checkSaveExcessInStocksInUserLevel" time="46.327" classname="com.focus.testcases.FooterValuesAndBarcodeValidationTest"/>
  <testcase name="checksavePurchaseVouchers" time="92.871" classname="com.focus.testcases.FooterValuesAndBarcodeValidationTest">
    <failure type="java.lang.AssertionError" message="expected [true] but found [false]">
      <![CDATA[java.lang.AssertionError: expected [true] but found [false]
	at org.testng.Assert.fail(Assert.java:94)
	at org.testng.Assert.failNotEquals(Assert.java:513)
	at org.testng.Assert.assertEqualsImpl(Assert.java:135)
	at org.testng.Assert.assertEquals(Assert.java:116)
	at org.testng.Assert.assertEquals(Assert.java:305)
	at org.testng.Assert.assertEquals(Assert.java:315)
	at com.focus.testcases.FooterValuesAndBarcodeValidationTest.checksavePurchaseVouchers(FooterValuesAndBarcodeValidationTest.java:75)
	at sun.reflect.NativeMethodAccessorImpl.invoke0(Native Method)
	at sun.reflect.NativeMethodAccessorImpl.invoke(Unknown Source)
	at sun.reflect.DelegatingMethodAccessorImpl.invoke(Unknown Source)
	at java.lang.reflect.Method.invoke(Unknown Source)
	at org.testng.internal.MethodInvocationHelper.invokeMethod(MethodInvocationHelper.java:86)
	at org.testng.internal.Invoker.invokeMethod(Invoker.java:643)
	at org.testng.internal.Invoker.invokeTestMethod(Invoker.java:820)
	at org.testng.internal.Invoker.invokeTestMethods(Invoker.java:1128)
	at org.testng.internal.TestMethodWorker.invokeTestMethods(TestMethodWorker.java:129)
	at org.testng.internal.TestMethodWorker.run(TestMethodWorker.java:112)
	at org.testng.TestRunner.privateRun(TestRunner.java:782)
	at org.testng.TestRunner.run(TestRunner.java:632)
	at org.testng.SuiteRunner.runTest(SuiteRunner.java:366)
	at org.testng.SuiteRunner.runSequentially(SuiteRunner.java:361)
	at org.testng.SuiteRunner.privateRun(SuiteRunner.java:319)
	at org.testng.SuiteRunner.run(SuiteRunner.java:268)
	at org.testng.SuiteRunnerWorker.runSuite(SuiteRunnerWorker.java:52)
	at org.testng.SuiteRunnerWorker.run(SuiteRunnerWorker.java:86)
	at org.testng.TestNG.runSuitesSequentially(TestNG.java:1244)
	at org.testng.TestNG.runSuitesLocally(TestNG.java:1169)
	at org.testng.TestNG.run(TestNG.java:1064)
	at org.testng.remote.AbstractRemoteTestNG.run(AbstractRemoteTestNG.java:114)
	at org.testng.remote.RemoteTestNG.initAndRun(RemoteTestNG.java:251)
	at org.testng.remote.RemoteTestNG.main(RemoteTestNG.java:77)
]]>
    </failure>
  </testcase> <!-- checksavePurchaseVouchers -->
  <testcase name="checkPostingDetailsAndCopyToClipBoardOptionsInPVVAT" time="28.089" classname="com.focus.testcases.FooterValuesAndBarcodeValidationTest"/>
</testsuite> <!-- com.focus.testcases.FooterValuesAndBarcodeValidationTest -->
