<?xml version="1.0" encoding="UTF-8"?>
<!-- Generated by org.testng.reporters.JUnitReportReporter -->
<testsuite hostname="FOCUS-QA-118" name="com.focus.testcases.VoucherPrintOptionsTest" tests="72" failures="9" timestamp="3 Jan 2023 13:26:00 GMT" time="3895.602" errors="1">
  <testcase name="checkPrintPDFAfterChangingNamesInReports" time="43.336" classname="com.focus.testcases.VoucherPrintOptionsTest">
    <failure type="java.lang.AssertionError" message="expected [true] but found [false]">
      <![CDATA[java.lang.AssertionError: expected [true] but found [false]
	at org.testng.Assert.fail(Assert.java:94)
	at org.testng.Assert.failNotEquals(Assert.java:513)
	at org.testng.Assert.assertEqualsImpl(Assert.java:135)
	at org.testng.Assert.assertEquals(Assert.java:116)
	at org.testng.Assert.assertEquals(Assert.java:305)
	at org.testng.Assert.assertEquals(Assert.java:315)
	at com.focus.testcases.VoucherPrintOptionsTest.checkPrintPDFAfterChangingNamesInReports(VoucherPrintOptionsTest.java:493)
	at sun.reflect.NativeMethodAccessorImpl.invoke0(Native Method)
	at sun.reflect.NativeMethodAccessorImpl.invoke(Unknown Source)
	at sun.reflect.DelegatingMethodAccessorImpl.invoke(Unknown Source)
	at java.lang.reflect.Method.invoke(Unknown Source)
	at org.testng.internal.MethodInvocationHelper.invokeMethod(MethodInvocationHelper.java:86)
	at org.testng.internal.Invoker.invokeMethod(Invoker.java:643)
	at org.testng.internal.Invoker.invokeTestMethod(Invoker.java:820)
	at org.testng.internal.Invoker.invokeTestMethods(Invoker.java:1128)
	at org.testng.internal.TestMethodWorker.invokeTestMethods(TestMethodWorker.java:129)
	at org.testng.internal.TestMethodWorker.run(TestMethodWorker.java:112)
	at org.testng.TestRunner.privateRun(TestRunner.java:782)
	at org.testng.TestRunner.run(TestRunner.java:632)
	at org.testng.SuiteRunner.runTest(SuiteRunner.java:366)
	at org.testng.SuiteRunner.runSequentially(SuiteRunner.java:361)
	at org.testng.SuiteRunner.privateRun(SuiteRunner.java:319)
	at org.testng.SuiteRunner.run(SuiteRunner.java:268)
	at org.testng.SuiteRunnerWorker.runSuite(SuiteRunnerWorker.java:52)
	at org.testng.SuiteRunnerWorker.run(SuiteRunnerWorker.java:86)
	at org.testng.TestNG.runSuitesSequentially(TestNG.java:1244)
	at org.testng.TestNG.runSuitesLocally(TestNG.java:1169)
	at org.testng.TestNG.run(TestNG.java:1064)
	at org.testng.remote.AbstractRemoteTestNG.run(AbstractRemoteTestNG.java:114)
	at org.testng.remote.RemoteTestNG.initAndRun(RemoteTestNG.java:251)
	at org.testng.remote.RemoteTestNG.main(RemoteTestNG.java:77)
]]>
    </failure>
  </testcase> <!-- checkPrintPDFAfterChangingNamesInReports -->
  <testcase name="checkLayoutPropertiesPageType" time="55.142" classname="com.focus.testcases.VoucherPrintOptionsTest"/>
  <testcase name="checkPrintOutputOptionsPrintInPvVAT" time="58.554" classname="com.focus.testcases.VoucherPrintOptionsTest">
    <failure type="java.lang.AssertionError" message="expected [true] but found [false]">
      <![CDATA[java.lang.AssertionError: expected [true] but found [false]
	at org.testng.Assert.fail(Assert.java:94)
	at org.testng.Assert.failNotEquals(Assert.java:513)
	at org.testng.Assert.assertEqualsImpl(Assert.java:135)
	at org.testng.Assert.assertEquals(Assert.java:116)
	at org.testng.Assert.assertEquals(Assert.java:305)
	at org.testng.Assert.assertEquals(Assert.java:315)
	at com.focus.testcases.VoucherPrintOptionsTest.checkPrintOutputOptionsPrintInPvVAT(VoucherPrintOptionsTest.java:612)
	at sun.reflect.NativeMethodAccessorImpl.invoke0(Native Method)
	at sun.reflect.NativeMethodAccessorImpl.invoke(Unknown Source)
	at sun.reflect.DelegatingMethodAccessorImpl.invoke(Unknown Source)
	at java.lang.reflect.Method.invoke(Unknown Source)
	at org.testng.internal.MethodInvocationHelper.invokeMethod(MethodInvocationHelper.java:86)
	at org.testng.internal.Invoker.invokeMethod(Invoker.java:643)
	at org.testng.internal.Invoker.invokeTestMethod(Invoker.java:820)
	at org.testng.internal.Invoker.invokeTestMethods(Invoker.java:1128)
	at org.testng.internal.TestMethodWorker.invokeTestMethods(TestMethodWorker.java:129)
	at org.testng.internal.TestMethodWorker.run(TestMethodWorker.java:112)
	at org.testng.TestRunner.privateRun(TestRunner.java:782)
	at org.testng.TestRunner.run(TestRunner.java:632)
	at org.testng.SuiteRunner.runTest(SuiteRunner.java:366)
	at org.testng.SuiteRunner.runSequentially(SuiteRunner.java:361)
	at org.testng.SuiteRunner.privateRun(SuiteRunner.java:319)
	at org.testng.SuiteRunner.run(SuiteRunner.java:268)
	at org.testng.SuiteRunnerWorker.runSuite(SuiteRunnerWorker.java:52)
	at org.testng.SuiteRunnerWorker.run(SuiteRunnerWorker.java:86)
	at org.testng.TestNG.runSuitesSequentially(TestNG.java:1244)
	at org.testng.TestNG.runSuitesLocally(TestNG.java:1169)
	at org.testng.TestNG.run(TestNG.java:1064)
	at org.testng.remote.AbstractRemoteTestNG.run(AbstractRemoteTestNG.java:114)
	at org.testng.remote.RemoteTestNG.initAndRun(RemoteTestNG.java:251)
	at org.testng.remote.RemoteTestNG.main(RemoteTestNG.java:77)
]]>
    </failure>
  </testcase> <!-- checkPrintOutputOptionsPrintInPvVAT -->
  <testcase name="checkEnableCheckboxesInGroupBy" time="30.003" classname="com.focus.testcases.VoucherPrintOptionsTest"/>
  <testcase name="checkSavingDesignLayourForAttachments" time="44.817" classname="com.focus.testcases.VoucherPrintOptionsTest"/>
  <testcase name="checkSavingPvVATWithDocAndPictures" time="145.302" classname="com.focus.testcases.VoucherPrintOptionsTest">
    <error type="java.lang.NullPointerException">
      <![CDATA[java.lang.NullPointerException
	at com.focus.Pages.VoucherPrintOptionsPage.checkSavingPvVATWithDocAndPictures(VoucherPrintOptionsPage.java:31242)
	at com.focus.testcases.VoucherPrintOptionsTest.checkSavingPvVATWithDocAndPictures(VoucherPrintOptionsTest.java:519)
	at sun.reflect.NativeMethodAccessorImpl.invoke0(Native Method)
	at sun.reflect.NativeMethodAccessorImpl.invoke(Unknown Source)
	at sun.reflect.DelegatingMethodAccessorImpl.invoke(Unknown Source)
	at java.lang.reflect.Method.invoke(Unknown Source)
	at org.testng.internal.MethodInvocationHelper.invokeMethod(MethodInvocationHelper.java:86)
	at org.testng.internal.Invoker.invokeMethod(Invoker.java:643)
	at org.testng.internal.Invoker.invokeTestMethod(Invoker.java:820)
	at org.testng.internal.Invoker.invokeTestMethods(Invoker.java:1128)
	at org.testng.internal.TestMethodWorker.invokeTestMethods(TestMethodWorker.java:129)
	at org.testng.internal.TestMethodWorker.run(TestMethodWorker.java:112)
	at org.testng.TestRunner.privateRun(TestRunner.java:782)
	at org.testng.TestRunner.run(TestRunner.java:632)
	at org.testng.SuiteRunner.runTest(SuiteRunner.java:366)
	at org.testng.SuiteRunner.runSequentially(SuiteRunner.java:361)
	at org.testng.SuiteRunner.privateRun(SuiteRunner.java:319)
	at org.testng.SuiteRunner.run(SuiteRunner.java:268)
	at org.testng.SuiteRunnerWorker.runSuite(SuiteRunnerWorker.java:52)
	at org.testng.SuiteRunnerWorker.run(SuiteRunnerWorker.java:86)
	at org.testng.TestNG.runSuitesSequentially(TestNG.java:1244)
	at org.testng.TestNG.runSuitesLocally(TestNG.java:1169)
	at org.testng.TestNG.run(TestNG.java:1064)
	at org.testng.remote.AbstractRemoteTestNG.run(AbstractRemoteTestNG.java:114)
	at org.testng.remote.RemoteTestNG.initAndRun(RemoteTestNG.java:251)
	at org.testng.remote.RemoteTestNG.main(RemoteTestNG.java:77)
]]>
    </error>
  </testcase> <!-- checkSavingPvVATWithDocAndPictures -->
  <testcase name="checkprintPdfForDateValidation" time="44.062" classname="com.focus.testcases.VoucherPrintOptionsTest"/>
  <testcase name="checkPrintPdfOfLayoutForMultiplePages" time="47.468" classname="com.focus.testcases.VoucherPrintOptionsTest"/>
  <testcase name="checkSavePurchaseVoucher2" time="56.348" classname="com.focus.testcases.VoucherPrintOptionsTest"/>
  <testcase name="checkPrintPdfWithoutChangingNamesInReports" time="71.685" classname="com.focus.testcases.VoucherPrintOptionsTest">
    <failure type="java.lang.AssertionError" message="expected [true] but found [false]">
      <![CDATA[java.lang.AssertionError: expected [true] but found [false]
	at org.testng.Assert.fail(Assert.java:94)
	at org.testng.Assert.failNotEquals(Assert.java:513)
	at org.testng.Assert.assertEqualsImpl(Assert.java:135)
	at org.testng.Assert.assertEquals(Assert.java:116)
	at org.testng.Assert.assertEquals(Assert.java:305)
	at org.testng.Assert.assertEquals(Assert.java:315)
	at com.focus.testcases.VoucherPrintOptionsTest.checkPrintPdfWithoutChangingNamesInReports(VoucherPrintOptionsTest.java:474)
	at sun.reflect.NativeMethodAccessorImpl.invoke0(Native Method)
	at sun.reflect.NativeMethodAccessorImpl.invoke(Unknown Source)
	at sun.reflect.DelegatingMethodAccessorImpl.invoke(Unknown Source)
	at java.lang.reflect.Method.invoke(Unknown Source)
	at org.testng.internal.MethodInvocationHelper.invokeMethod(MethodInvocationHelper.java:86)
	at org.testng.internal.Invoker.invokeMethod(Invoker.java:643)
	at org.testng.internal.Invoker.invokeTestMethod(Invoker.java:820)
	at org.testng.internal.Invoker.invokeTestMethods(Invoker.java:1128)
	at org.testng.internal.TestMethodWorker.invokeTestMethods(TestMethodWorker.java:129)
	at org.testng.internal.TestMethodWorker.run(TestMethodWorker.java:112)
	at org.testng.TestRunner.privateRun(TestRunner.java:782)
	at org.testng.TestRunner.run(TestRunner.java:632)
	at org.testng.SuiteRunner.runTest(SuiteRunner.java:366)
	at org.testng.SuiteRunner.runSequentially(SuiteRunner.java:361)
	at org.testng.SuiteRunner.privateRun(SuiteRunner.java:319)
	at org.testng.SuiteRunner.run(SuiteRunner.java:268)
	at org.testng.SuiteRunnerWorker.runSuite(SuiteRunnerWorker.java:52)
	at org.testng.SuiteRunnerWorker.run(SuiteRunnerWorker.java:86)
	at org.testng.TestNG.runSuitesSequentially(TestNG.java:1244)
	at org.testng.TestNG.runSuitesLocally(TestNG.java:1169)
	at org.testng.TestNG.run(TestNG.java:1064)
	at org.testng.remote.AbstractRemoteTestNG.run(AbstractRemoteTestNG.java:114)
	at org.testng.remote.RemoteTestNG.initAndRun(RemoteTestNG.java:251)
	at org.testng.remote.RemoteTestNG.main(RemoteTestNG.java:77)
]]>
    </failure>
  </testcase> <!-- checkPrintPdfWithoutChangingNamesInReports -->
  <testcase name="checkLayoutGridProperties" time="31.256" classname="com.focus.testcases.VoucherPrintOptionsTest"/>
  <testcase name="checkSaveDateValidationLayout" time="67.572" classname="com.focus.testcases.VoucherPrintOptionsTest"/>
  <testcase name="checkPropertiesForLayoutAttachments" time="61.452" classname="com.focus.testcases.VoucherPrintOptionsTest"/>
  <testcase name="checkCreatingLayoutForShapesLayout" time="151.345" classname="com.focus.testcases.VoucherPrintOptionsTest"/>
  <testcase name="checkChangeFieldPropertiesInLyout" time="139.125" classname="com.focus.testcases.VoucherPrintOptionsTest"/>
  <testcase name="checkAreaInPurchaseVatLayout" time="31.329" classname="com.focus.testcases.VoucherPrintOptionsTest"/>
  <testcase name="checkFilterInPurchasesVoucherHomePage" time="35.622" classname="com.focus.testcases.VoucherPrintOptionsTest">
    <failure type="java.lang.AssertionError" message="expected [true] but found [false]">
      <![CDATA[java.lang.AssertionError: expected [true] but found [false]
	at org.testng.Assert.fail(Assert.java:94)
	at org.testng.Assert.failNotEquals(Assert.java:513)
	at org.testng.Assert.assertEqualsImpl(Assert.java:135)
	at org.testng.Assert.assertEquals(Assert.java:116)
	at org.testng.Assert.assertEquals(Assert.java:305)
	at org.testng.Assert.assertEquals(Assert.java:315)
	at com.focus.testcases.VoucherPrintOptionsTest.checkFilterInPurchasesVoucherHomePage(VoucherPrintOptionsTest.java:647)
	at sun.reflect.NativeMethodAccessorImpl.invoke0(Native Method)
	at sun.reflect.NativeMethodAccessorImpl.invoke(Unknown Source)
	at sun.reflect.DelegatingMethodAccessorImpl.invoke(Unknown Source)
	at java.lang.reflect.Method.invoke(Unknown Source)
	at org.testng.internal.MethodInvocationHelper.invokeMethod(MethodInvocationHelper.java:86)
	at org.testng.internal.Invoker.invokeMethod(Invoker.java:643)
	at org.testng.internal.Invoker.invokeTestMethod(Invoker.java:820)
	at org.testng.internal.Invoker.invokeTestMethods(Invoker.java:1128)
	at org.testng.internal.TestMethodWorker.invokeTestMethods(TestMethodWorker.java:129)
	at org.testng.internal.TestMethodWorker.run(TestMethodWorker.java:112)
	at org.testng.TestRunner.privateRun(TestRunner.java:782)
	at org.testng.TestRunner.run(TestRunner.java:632)
	at org.testng.SuiteRunner.runTest(SuiteRunner.java:366)
	at org.testng.SuiteRunner.runSequentially(SuiteRunner.java:361)
	at org.testng.SuiteRunner.privateRun(SuiteRunner.java:319)
	at org.testng.SuiteRunner.run(SuiteRunner.java:268)
	at org.testng.SuiteRunnerWorker.runSuite(SuiteRunnerWorker.java:52)
	at org.testng.SuiteRunnerWorker.run(SuiteRunnerWorker.java:86)
	at org.testng.TestNG.runSuitesSequentially(TestNG.java:1244)
	at org.testng.TestNG.runSuitesLocally(TestNG.java:1169)
	at org.testng.TestNG.run(TestNG.java:1064)
	at org.testng.remote.AbstractRemoteTestNG.run(AbstractRemoteTestNG.java:114)
	at org.testng.remote.RemoteTestNG.initAndRun(RemoteTestNG.java:251)
	at org.testng.remote.RemoteTestNG.main(RemoteTestNG.java:77)
]]>
    </failure>
  </testcase> <!-- checkFilterInPurchasesVoucherHomePage -->
  <testcase name="checkPrintPdfAfterDisablingRatesCheckBox" time="46.238" classname="com.focus.testcases.VoucherPrintOptionsTest"/>
  <testcase name="checkSavingReceiptsvoucherForEmailAccountTwo" time="17.553" classname="com.focus.testcases.VoucherPrintOptionsTest"/>
  <testcase name="checkDragnetVouchernetAndAreaItoLayout" time="151.693" classname="com.focus.testcases.VoucherPrintOptionsTest"/>
  <testcase name="checkPrintAndEmailOutputOptionInPVVAT" time="51.856" classname="com.focus.testcases.VoucherPrintOptionsTest">
    <failure type="java.lang.AssertionError" message="expected [true] but found [false]">
      <![CDATA[java.lang.AssertionError: expected [true] but found [false]
	at org.testng.Assert.fail(Assert.java:94)
	at org.testng.Assert.failNotEquals(Assert.java:513)
	at org.testng.Assert.assertEqualsImpl(Assert.java:135)
	at org.testng.Assert.assertEquals(Assert.java:116)
	at org.testng.Assert.assertEquals(Assert.java:305)
	at org.testng.Assert.assertEquals(Assert.java:315)
	at com.focus.testcases.VoucherPrintOptionsTest.checkPrintAndEmailOutputOptionInPVVAT(VoucherPrintOptionsTest.java:619)
	at sun.reflect.NativeMethodAccessorImpl.invoke0(Native Method)
	at sun.reflect.NativeMethodAccessorImpl.invoke(Unknown Source)
	at sun.reflect.DelegatingMethodAccessorImpl.invoke(Unknown Source)
	at java.lang.reflect.Method.invoke(Unknown Source)
	at org.testng.internal.MethodInvocationHelper.invokeMethod(MethodInvocationHelper.java:86)
	at org.testng.internal.Invoker.invokeMethod(Invoker.java:643)
	at org.testng.internal.Invoker.invokeTestMethod(Invoker.java:820)
	at org.testng.internal.Invoker.invokeTestMethods(Invoker.java:1128)
	at org.testng.internal.TestMethodWorker.invokeTestMethods(TestMethodWorker.java:129)
	at org.testng.internal.TestMethodWorker.run(TestMethodWorker.java:112)
	at org.testng.TestRunner.privateRun(TestRunner.java:782)
	at org.testng.TestRunner.run(TestRunner.java:632)
	at org.testng.SuiteRunner.runTest(SuiteRunner.java:366)
	at org.testng.SuiteRunner.runSequentially(SuiteRunner.java:361)
	at org.testng.SuiteRunner.privateRun(SuiteRunner.java:319)
	at org.testng.SuiteRunner.run(SuiteRunner.java:268)
	at org.testng.SuiteRunnerWorker.runSuite(SuiteRunnerWorker.java:52)
	at org.testng.SuiteRunnerWorker.run(SuiteRunnerWorker.java:86)
	at org.testng.TestNG.runSuitesSequentially(TestNG.java:1244)
	at org.testng.TestNG.runSuitesLocally(TestNG.java:1169)
	at org.testng.TestNG.run(TestNG.java:1064)
	at org.testng.remote.AbstractRemoteTestNG.run(AbstractRemoteTestNG.java:114)
	at org.testng.remote.RemoteTestNG.initAndRun(RemoteTestNG.java:251)
	at org.testng.remote.RemoteTestNG.main(RemoteTestNG.java:77)
]]>
    </failure>
  </testcase> <!-- checkPrintAndEmailOutputOptionInPVVAT -->
  <testcase name="checkSavePurchaseVoucher" time="63.192" classname="com.focus.testcases.VoucherPrintOptionsTest"/>
  <testcase name="checkDragandDropHeaderFiledsAndBodyFiledsIntoLayout" time="189.385" classname="com.focus.testcases.VoucherPrintOptionsTest"/>
  <testcase name="checkSendingReceiptsEmailsForEveryAccount" time="43.780" classname="com.focus.testcases.VoucherPrintOptionsTest"/>
  <testcase name="checkPrintPdfofShapesLayout" time="44.748" classname="com.focus.testcases.VoucherPrintOptionsTest"/>
  <testcase name="checkLayoutForGridPropertiesOrderByItem" time="31.041" classname="com.focus.testcases.VoucherPrintOptionsTest"/>
  <testcase name="checkAccountsCreationForMulipleandSinglePrintLayoutAssign" time="49.368" classname="com.focus.testcases.VoucherPrintOptionsTest"/>
  <testcase name="checkDisablingIfRatesAreNotDifferentInLayout" time="29.315" classname="com.focus.testcases.VoucherPrintOptionsTest"/>
  <testcase name="checkGridProperties_ClubByItem" time="34.928" classname="com.focus.testcases.VoucherPrintOptionsTest"/>
  <testcase name="checkSavingPvVatForSinglePrintLayoutAccount" time="32.940" classname="com.focus.testcases.VoucherPrintOptionsTest"/>
  <testcase name="checkPrintpdfForLayoutWithClubByWarehouse" time="76.289" classname="com.focus.testcases.VoucherPrintOptionsTest"/>
  <testcase name="checklogout" time="9.459" classname="com.focus.testcases.VoucherPrintOptionsTest"/>
  <testcase name="checkAddingFieldsInPvVATBody" time="21.746" classname="com.focus.testcases.VoucherPrintOptionsTest"/>
  <testcase name="checkPurchasesAccountAndVendorAccInFilter" time="19.067" classname="com.focus.testcases.VoucherPrintOptionsTest"/>
  <testcase name="checkCreatingLayoutforGridPropertiesForClubByItem" time="30.706" classname="com.focus.testcases.VoucherPrintOptionsTest"/>
  <testcase name="checkPrintPdfGridPropertiesGroupByItem" time="69.995" classname="com.focus.testcases.VoucherPrintOptionsTest"/>
  <testcase name="checkChangeAreaPropertiesToRelative" time="56.257" classname="com.focus.testcases.VoucherPrintOptionsTest"/>
  <testcase name="checkPreviewOptionInPVVAT" time="34.274" classname="com.focus.testcases.VoucherPrintOptionsTest"/>
  <testcase name="checkAccouncreatedForPrintEmailTwo" time="8.516" classname="com.focus.testcases.VoucherPrintOptionsTest"/>
  <testcase name="checkFieldsTabOptions" time="0.439" classname="com.focus.testcases.VoucherPrintOptionsTest"/>
  <testcase name="checkChangeFieldPropertiesInLayoutForMultiplePages" time="137.211" classname="com.focus.testcases.VoucherPrintOptionsTest"/>
  <testcase name="checkGridproperties_GroupByItem" time="33.542" classname="com.focus.testcases.VoucherPrintOptionsTest"/>
  <testcase name="checkPrintPdfGridPropertiesOrderByItem" time="70.346" classname="com.focus.testcases.VoucherPrintOptionsTest"/>
  <testcase name="checkGridProperties_ClubByWarehouse" time="35.713" classname="com.focus.testcases.VoucherPrintOptionsTest"/>
  <testcase name="checkPrintPdfForAreaLayout" time="42.673" classname="com.focus.testcases.VoucherPrintOptionsTest"/>
  <testcase name="checkSavingReceiptsVoucherForEmailAccountThree" time="17.497" classname="com.focus.testcases.VoucherPrintOptionsTest"/>
  <testcase name="checkPrintPDFForAttachmentsLayout" time="73.871" classname="com.focus.testcases.VoucherPrintOptionsTest">
    <failure type="java.lang.AssertionError" message="expected [true] but found [false]">
      <![CDATA[java.lang.AssertionError: expected [true] but found [false]
	at org.testng.Assert.fail(Assert.java:94)
	at org.testng.Assert.failNotEquals(Assert.java:513)
	at org.testng.Assert.assertEqualsImpl(Assert.java:135)
	at org.testng.Assert.assertEquals(Assert.java:116)
	at org.testng.Assert.assertEquals(Assert.java:305)
	at org.testng.Assert.assertEquals(Assert.java:315)
	at com.focus.testcases.VoucherPrintOptionsTest.checkPrintPDFForAttachmentsLayout(VoucherPrintOptionsTest.java:544)
	at sun.reflect.NativeMethodAccessorImpl.invoke0(Native Method)
	at sun.reflect.NativeMethodAccessorImpl.invoke(Unknown Source)
	at sun.reflect.DelegatingMethodAccessorImpl.invoke(Unknown Source)
	at java.lang.reflect.Method.invoke(Unknown Source)
	at org.testng.internal.MethodInvocationHelper.invokeMethod(MethodInvocationHelper.java:86)
	at org.testng.internal.Invoker.invokeMethod(Invoker.java:643)
	at org.testng.internal.Invoker.invokeTestMethod(Invoker.java:820)
	at org.testng.internal.Invoker.invokeTestMethods(Invoker.java:1128)
	at org.testng.internal.TestMethodWorker.invokeTestMethods(TestMethodWorker.java:129)
	at org.testng.internal.TestMethodWorker.run(TestMethodWorker.java:112)
	at org.testng.TestRunner.privateRun(TestRunner.java:782)
	at org.testng.TestRunner.run(TestRunner.java:632)
	at org.testng.SuiteRunner.runTest(SuiteRunner.java:366)
	at org.testng.SuiteRunner.runSequentially(SuiteRunner.java:361)
	at org.testng.SuiteRunner.privateRun(SuiteRunner.java:319)
	at org.testng.SuiteRunner.run(SuiteRunner.java:268)
	at org.testng.SuiteRunnerWorker.runSuite(SuiteRunnerWorker.java:52)
	at org.testng.SuiteRunnerWorker.run(SuiteRunnerWorker.java:86)
	at org.testng.TestNG.runSuitesSequentially(TestNG.java:1244)
	at org.testng.TestNG.runSuitesLocally(TestNG.java:1169)
	at org.testng.TestNG.run(TestNG.java:1064)
	at org.testng.remote.AbstractRemoteTestNG.run(AbstractRemoteTestNG.java:114)
	at org.testng.remote.RemoteTestNG.initAndRun(RemoteTestNG.java:251)
	at org.testng.remote.RemoteTestNG.main(RemoteTestNG.java:77)
]]>
    </failure>
  </testcase> <!-- checkPrintPDFForAttachmentsLayout -->
  <testcase name="checkLayoutOptions" time="4.330" classname="com.focus.testcases.VoucherPrintOptionsTest"/>
  <testcase name="checkGridPropertiesInPvVatLayout" time="43.301" classname="com.focus.testcases.VoucherPrintOptionsTest"/>
  <testcase name="checkInvoiceDesignOptions" time="6.987" classname="com.focus.testcases.VoucherPrintOptionsTest"/>
  <testcase name="checkPrintPDFForAreaLayoutAfterChangingToRealtive" time="42.045" classname="com.focus.testcases.VoucherPrintOptionsTest"/>
  <testcase name="checkAccouncreatedForPrintEmailThree" time="8.568" classname="com.focus.testcases.VoucherPrintOptionsTest"/>
  <testcase name="checkValidateCustomerStatementsReport" time="30.224" classname="com.focus.testcases.VoucherPrintOptionsTest"/>
  <testcase name="checkGridproperties_OrderbyItem" time="33.639" classname="com.focus.testcases.VoucherPrintOptionsTest"/>
  <testcase name="checkSavingPvVatForMultiplePrintLayoutAccount" time="35.760" classname="com.focus.testcases.VoucherPrintOptionsTest"/>
  <testcase name="checkAddingPrintLayoutForNoofCopies" time="78.922" classname="com.focus.testcases.VoucherPrintOptionsTest"/>
  <testcase name="checkSettingLayoutLayoutNamesInReports" time="18.355" classname="com.focus.testcases.VoucherPrintOptionsTest"/>
  <testcase name="checkPrintPdfAfterGridPropertiesEnabledToTrue" time="71.861" classname="com.focus.testcases.VoucherPrintOptionsTest">
    <failure type="java.lang.AssertionError" message="expected [true] but found [false]">
      <![CDATA[java.lang.AssertionError: expected [true] but found [false]
	at org.testng.Assert.fail(Assert.java:94)
	at org.testng.Assert.failNotEquals(Assert.java:513)
	at org.testng.Assert.assertEqualsImpl(Assert.java:135)
	at org.testng.Assert.assertEquals(Assert.java:116)
	at org.testng.Assert.assertEquals(Assert.java:305)
	at org.testng.Assert.assertEquals(Assert.java:315)
	at com.focus.testcases.VoucherPrintOptionsTest.checkPrintPdfAfterGridPropertiesEnabledToTrue(VoucherPrintOptionsTest.java:361)
	at sun.reflect.NativeMethodAccessorImpl.invoke0(Native Method)
	at sun.reflect.NativeMethodAccessorImpl.invoke(Unknown Source)
	at sun.reflect.DelegatingMethodAccessorImpl.invoke(Unknown Source)
	at java.lang.reflect.Method.invoke(Unknown Source)
	at org.testng.internal.MethodInvocationHelper.invokeMethod(MethodInvocationHelper.java:86)
	at org.testng.internal.Invoker.invokeMethod(Invoker.java:643)
	at org.testng.internal.Invoker.invokeTestMethod(Invoker.java:820)
	at org.testng.internal.Invoker.invokeTestMethods(Invoker.java:1128)
	at org.testng.internal.TestMethodWorker.invokeTestMethods(TestMethodWorker.java:129)
	at org.testng.internal.TestMethodWorker.run(TestMethodWorker.java:112)
	at org.testng.TestRunner.privateRun(TestRunner.java:782)
	at org.testng.TestRunner.run(TestRunner.java:632)
	at org.testng.SuiteRunner.runTest(SuiteRunner.java:366)
	at org.testng.SuiteRunner.runSequentially(SuiteRunner.java:361)
	at org.testng.SuiteRunner.privateRun(SuiteRunner.java:319)
	at org.testng.SuiteRunner.run(SuiteRunner.java:268)
	at org.testng.SuiteRunnerWorker.runSuite(SuiteRunnerWorker.java:52)
	at org.testng.SuiteRunnerWorker.run(SuiteRunnerWorker.java:86)
	at org.testng.TestNG.runSuitesSequentially(TestNG.java:1244)
	at org.testng.TestNG.runSuitesLocally(TestNG.java:1169)
	at org.testng.TestNG.run(TestNG.java:1064)
	at org.testng.remote.AbstractRemoteTestNG.run(AbstractRemoteTestNG.java:114)
	at org.testng.remote.RemoteTestNG.initAndRun(RemoteTestNG.java:251)
	at org.testng.remote.RemoteTestNG.main(RemoteTestNG.java:77)
]]>
    </failure>
  </testcase> <!-- checkPrintPdfAfterGridPropertiesEnabledToTrue -->
  <testcase name="checkAddingFieldsInPvVatHeader" time="41.689" classname="com.focus.testcases.VoucherPrintOptionsTest"/>
  <testcase name="checkCreatingLayoutWithTwoPages" time="172.564" classname="com.focus.testcases.VoucherPrintOptionsTest"/>
  <testcase name="CheckShapesPropertiesInPurchaseVatDesignLayout" time="133.585" classname="com.focus.testcases.VoucherPrintOptionsTest"/>
  <testcase name="checkAccountRadiobtnAndPrintUsingCheckboxinbothPrefAndDocCust" time="55.593" classname="com.focus.testcases.VoucherPrintOptionsTest"/>
  <testcase name="checkSavingReceiptsVoucherForEmailAccountOne" time="94.690" classname="com.focus.testcases.VoucherPrintOptionsTest"/>
  <testcase name="checkSendCustomerStatementsReportsEmailVerificationsCreatedAccounts" time="33.704" classname="com.focus.testcases.VoucherPrintOptionsTest">
    <failure type="java.lang.AssertionError" message="expected [true] but found [false]">
      <![CDATA[java.lang.AssertionError: expected [true] but found [false]
	at org.testng.Assert.fail(Assert.java:94)
	at org.testng.Assert.failNotEquals(Assert.java:513)
	at org.testng.Assert.assertEqualsImpl(Assert.java:135)
	at org.testng.Assert.assertEquals(Assert.java:116)
	at org.testng.Assert.assertEquals(Assert.java:305)
	at org.testng.Assert.assertEquals(Assert.java:315)
	at com.focus.testcases.VoucherPrintOptionsTest.checkSendCustomerStatementsReportsEmailVerificationsCreatedAccounts(VoucherPrintOptionsTest.java:670)
	at sun.reflect.NativeMethodAccessorImpl.invoke0(Native Method)
	at sun.reflect.NativeMethodAccessorImpl.invoke(Unknown Source)
	at sun.reflect.DelegatingMethodAccessorImpl.invoke(Unknown Source)
	at java.lang.reflect.Method.invoke(Unknown Source)
	at org.testng.internal.MethodInvocationHelper.invokeMethod(MethodInvocationHelper.java:86)
	at org.testng.internal.Invoker.invokeMethod(Invoker.java:643)
	at org.testng.internal.Invoker.invokeTestMethod(Invoker.java:820)
	at org.testng.internal.Invoker.invokeTestMethods(Invoker.java:1128)
	at org.testng.internal.TestMethodWorker.invokeTestMethods(TestMethodWorker.java:129)
	at org.testng.internal.TestMethodWorker.run(TestMethodWorker.java:112)
	at org.testng.TestRunner.privateRun(TestRunner.java:782)
	at org.testng.TestRunner.run(TestRunner.java:632)
	at org.testng.SuiteRunner.runTest(SuiteRunner.java:366)
	at org.testng.SuiteRunner.runSequentially(SuiteRunner.java:361)
	at org.testng.SuiteRunner.privateRun(SuiteRunner.java:319)
	at org.testng.SuiteRunner.run(SuiteRunner.java:268)
	at org.testng.SuiteRunnerWorker.runSuite(SuiteRunnerWorker.java:52)
	at org.testng.SuiteRunnerWorker.run(SuiteRunnerWorker.java:86)
	at org.testng.TestNG.runSuitesSequentially(TestNG.java:1244)
	at org.testng.TestNG.runSuitesLocally(TestNG.java:1169)
	at org.testng.TestNG.run(TestNG.java:1064)
	at org.testng.remote.AbstractRemoteTestNG.run(AbstractRemoteTestNG.java:114)
	at org.testng.remote.RemoteTestNG.initAndRun(RemoteTestNG.java:251)
	at org.testng.remote.RemoteTestNG.main(RemoteTestNG.java:77)
]]>
    </failure>
  </testcase> <!-- checkSendCustomerStatementsReportsEmailVerificationsCreatedAccounts -->
  <testcase name="checkLayoutForGridPropertiesGroupByItem" time="31.151" classname="com.focus.testcases.VoucherPrintOptionsTest"/>
  <testcase name="checkPrintPdfAfterEnablingCheckboexInGroupBy" time="42.224" classname="com.focus.testcases.VoucherPrintOptionsTest"/>
  <testcase name="checkPrintScreenOptions" time="16.816" classname="com.focus.testcases.VoucherPrintOptionsTest"/>
  <testcase name="checkSavePurchaseVoucher3" time="55.783" classname="com.focus.testcases.VoucherPrintOptionsTest"/>
  <testcase name="checkAccouncreatedForPrintEmailOne" time="38.677" classname="com.focus.testcases.VoucherPrintOptionsTest"/>
  <testcase name="checkPrintPdfWithEnablingDontClubIfRatesAreDiff" time="79.862" classname="com.focus.testcases.VoucherPrintOptionsTest"/>
  <testcase name="checkPrintPdfOfPurchaseVoucherVATWithCreatedLayout" time="69.615" classname="com.focus.testcases.VoucherPrintOptionsTest">
    <failure type="java.lang.AssertionError" message="expected [true] but found [false]">
      <![CDATA[java.lang.AssertionError: expected [true] but found [false]
	at org.testng.Assert.fail(Assert.java:94)
	at org.testng.Assert.failNotEquals(Assert.java:513)
	at org.testng.Assert.assertEqualsImpl(Assert.java:135)
	at org.testng.Assert.assertEquals(Assert.java:116)
	at org.testng.Assert.assertEquals(Assert.java:305)
	at org.testng.Assert.assertEquals(Assert.java:315)
	at com.focus.testcases.VoucherPrintOptionsTest.checkPrintPdfOfPurchaseVoucherVATWithCreatedLayout(VoucherPrintOptionsTest.java:155)
	at sun.reflect.NativeMethodAccessorImpl.invoke0(Native Method)
	at sun.reflect.NativeMethodAccessorImpl.invoke(Unknown Source)
	at sun.reflect.DelegatingMethodAccessorImpl.invoke(Unknown Source)
	at java.lang.reflect.Method.invoke(Unknown Source)
	at org.testng.internal.MethodInvocationHelper.invokeMethod(MethodInvocationHelper.java:86)
	at org.testng.internal.Invoker.invokeMethod(Invoker.java:643)
	at org.testng.internal.Invoker.invokeTestMethod(Invoker.java:820)
	at org.testng.internal.Invoker.invokeTestMethods(Invoker.java:1128)
	at org.testng.internal.TestMethodWorker.invokeTestMethods(TestMethodWorker.java:129)
	at org.testng.internal.TestMethodWorker.run(TestMethodWorker.java:112)
	at org.testng.TestRunner.privateRun(TestRunner.java:782)
	at org.testng.TestRunner.run(TestRunner.java:632)
	at org.testng.SuiteRunner.runTest(SuiteRunner.java:366)
	at org.testng.SuiteRunner.runSequentially(SuiteRunner.java:361)
	at org.testng.SuiteRunner.privateRun(SuiteRunner.java:319)
	at org.testng.SuiteRunner.run(SuiteRunner.java:268)
	at org.testng.SuiteRunnerWorker.runSuite(SuiteRunnerWorker.java:52)
	at org.testng.SuiteRunnerWorker.run(SuiteRunnerWorker.java:86)
	at org.testng.TestNG.runSuitesSequentially(TestNG.java:1244)
	at org.testng.TestNG.runSuitesLocally(TestNG.java:1169)
	at org.testng.TestNG.run(TestNG.java:1064)
	at org.testng.remote.AbstractRemoteTestNG.run(AbstractRemoteTestNG.java:114)
	at org.testng.remote.RemoteTestNG.initAndRun(RemoteTestNG.java:251)
	at org.testng.remote.RemoteTestNG.main(RemoteTestNG.java:77)
]]>
    </failure>
  </testcase> <!-- checkPrintPdfOfPurchaseVoucherVATWithCreatedLayout -->
  <testcase name="chechPrintPdfForMultipleLayoutVoucher" time="17.601" classname="com.focus.testcases.VoucherPrintOptionsTest"/>
</testsuite> <!-- com.focus.testcases.VoucherPrintOptionsTest -->
